2025-07-07T10:02:10: 
2025-07-07T10:02:10: > ezy-shop@0.1.0 start
2025-07-07T10:02:10: > next start
2025-07-07T10:02:10: 
2025-07-07T10:02:10:    ▲ Next.js 15.3.1
2025-07-07T10:02:10:    - Local:        http://localhost:3000
2025-07-07T10:02:10:    - Network:      http://46.250.237.226:3000
2025-07-07T10:02:10: 
2025-07-07T10:02:10:  ✓ Starting...
2025-07-07T10:02:10:  ✓ Ready in 681ms
2025-07-07T10:21:26: 
2025-07-07T10:21:26: > ezy-shop@0.1.0 start
2025-07-07T10:21:26: > next start
2025-07-07T10:21:26: 
2025-07-07T10:21:27:    ▲ Next.js 15.3.1
2025-07-07T10:21:27:    - Local:        http://localhost:3000
2025-07-07T10:21:27:    - Network:      http://46.250.237.226:3000
2025-07-07T10:21:27: 
2025-07-07T10:21:27:  ✓ Starting...
2025-07-07T10:21:29:  ✓ Ready in 2.1s
2025-07-07T10:26:54: 
2025-07-07T10:26:54: > ezy-shop@0.1.0 start
2025-07-07T10:26:54: > next start
2025-07-07T10:26:54: 
2025-07-07T10:26:55:    ▲ Next.js 15.3.1
2025-07-07T10:26:55:    - Local:        http://localhost:3000
2025-07-07T10:26:55:    - Network:      http://46.250.237.226:3000
2025-07-07T10:26:55: 
2025-07-07T10:26:55:  ✓ Starting...
2025-07-07T10:26:55:  ✓ Ready in 701ms
2025-07-07T11:21:22: 
2025-07-07T11:21:22: > ezy-shop@0.1.0 start
2025-07-07T11:21:22: > next start
2025-07-07T11:21:22: 
2025-07-07T11:21:23:    ▲ Next.js 15.3.1
2025-07-07T11:21:23:    - Local:        http://localhost:3000
2025-07-07T11:21:23:    - Network:      http://46.250.237.226:3000
2025-07-07T11:21:23: 
2025-07-07T11:21:23:  ✓ Starting...
2025-07-07T11:21:23:  ✓ Ready in 848ms
2025-07-07T11:35:22: 
2025-07-07T11:35:22: > ezy-shop@0.1.0 start
2025-07-07T11:35:22: > next start
2025-07-07T11:35:22: 
2025-07-07T11:35:23:    ▲ Next.js 15.3.1
2025-07-07T11:35:23:    - Local:        http://localhost:3000
2025-07-07T11:35:23:    - Network:      http://46.250.237.226:3000
2025-07-07T11:35:23: 
2025-07-07T11:35:23:  ✓ Starting...
2025-07-07T11:35:23:  ✓ Ready in 1134ms
2025-07-07T11:38:54: 
2025-07-07T11:38:54: > ezy-shop@0.1.0 start
2025-07-07T11:38:54: > next start
2025-07-07T11:38:54: 
2025-07-07T11:38:55: 
2025-07-07T11:38:55: > ezy-shop@0.1.0 start
2025-07-07T11:38:55: > next start
2025-07-07T11:38:55: 
2025-07-07T11:38:56: 
2025-07-07T11:38:56: > ezy-shop@0.1.0 start
2025-07-07T11:38:56: > next start
2025-07-07T11:38:56: 
2025-07-07T11:38:57: 
2025-07-07T11:38:57: > ezy-shop@0.1.0 start
2025-07-07T11:38:57: > next start
2025-07-07T11:38:57: 
2025-07-07T11:38:58: 
2025-07-07T11:38:58: > ezy-shop@0.1.0 start
2025-07-07T11:38:58: > next start
2025-07-07T11:38:58: 
2025-07-07T11:39:00: 
2025-07-07T11:39:00: > ezy-shop@0.1.0 start
2025-07-07T11:39:00: > next start
2025-07-07T11:39:00: 
2025-07-07T11:39:02: 
2025-07-07T11:39:02: > ezy-shop@0.1.0 start
2025-07-07T11:39:02: > next start
2025-07-07T11:39:02: 
2025-07-07T11:39:03: 
2025-07-07T11:39:03: > ezy-shop@0.1.0 start
2025-07-07T11:39:03: > next start
2025-07-07T11:39:03: 
2025-07-07T11:39:04: 
2025-07-07T11:39:04: > ezy-shop@0.1.0 start
2025-07-07T11:39:04: > next start
2025-07-07T11:39:04: 
2025-07-07T11:39:06: 
2025-07-07T11:39:06: > ezy-shop@0.1.0 start
2025-07-07T11:39:06: > next start
2025-07-07T11:39:06: 
2025-07-07T11:39:07: 
2025-07-07T11:39:07: > ezy-shop@0.1.0 start
2025-07-07T11:39:07: > next start
2025-07-07T11:39:07: 
2025-07-07T11:39:08: 
2025-07-07T11:39:08: > ezy-shop@0.1.0 start
2025-07-07T11:39:08: > next start
2025-07-07T11:39:08: 
2025-07-07T11:39:09: 
2025-07-07T11:39:09: > ezy-shop@0.1.0 start
2025-07-07T11:39:09: > next start
2025-07-07T11:39:09: 
2025-07-07T11:39:11: 
2025-07-07T11:39:11: > ezy-shop@0.1.0 start
2025-07-07T11:39:11: > next start
2025-07-07T11:39:11: 
2025-07-07T11:39:12: 
2025-07-07T11:39:12: > ezy-shop@0.1.0 start
2025-07-07T11:39:12: > next start
2025-07-07T11:39:12: 
2025-07-07T11:39:13: 
2025-07-07T11:39:13: > ezy-shop@0.1.0 start
2025-07-07T11:39:13: > next start
2025-07-07T11:39:13: 
2025-07-07T11:39:15: 
2025-07-07T11:39:15: > ezy-shop@0.1.0 start
2025-07-07T11:39:15: > next start
2025-07-07T11:39:15: 
2025-07-07T11:39:16: 
2025-07-07T11:39:16: > ezy-shop@0.1.0 start
2025-07-07T11:39:16: > next start
2025-07-07T11:39:16: 
2025-07-07T11:39:17: 
2025-07-07T11:39:17: > ezy-shop@0.1.0 start
2025-07-07T11:39:17: > next start
2025-07-07T11:39:17: 
2025-07-07T11:39:18: 
2025-07-07T11:39:18: > ezy-shop@0.1.0 start
2025-07-07T11:39:18: > next start
2025-07-07T11:39:18: 
2025-07-07T11:39:19: 
2025-07-07T11:39:19: > ezy-shop@0.1.0 start
2025-07-07T11:39:19: > next start
2025-07-07T11:39:19: 
2025-07-07T11:39:21: 
2025-07-07T11:39:21: > ezy-shop@0.1.0 start
2025-07-07T11:39:21: > next start
2025-07-07T11:39:21: 
2025-07-07T11:39:22: 
2025-07-07T11:39:22: > ezy-shop@0.1.0 start
2025-07-07T11:39:22: > next start
2025-07-07T11:39:22: 
2025-07-07T11:39:23: 
2025-07-07T11:39:23: > ezy-shop@0.1.0 start
2025-07-07T11:39:23: > next start
2025-07-07T11:39:23: 
2025-07-07T11:39:25: 
2025-07-07T11:39:25: > ezy-shop@0.1.0 start
2025-07-07T11:39:25: > next start
2025-07-07T11:39:25: 
2025-07-07T11:39:26: 
2025-07-07T11:39:26: > ezy-shop@0.1.0 start
2025-07-07T11:39:26: > next start
2025-07-07T11:39:26: 
2025-07-07T11:39:27: 
2025-07-07T11:39:27: > ezy-shop@0.1.0 start
2025-07-07T11:39:27: > next start
2025-07-07T11:39:27: 
2025-07-07T11:39:29: 
2025-07-07T11:39:29: > ezy-shop@0.1.0 start
2025-07-07T11:39:29: > next start
2025-07-07T11:39:29: 
2025-07-07T11:39:30: 
2025-07-07T11:39:30: > ezy-shop@0.1.0 start
2025-07-07T11:39:30: > next start
2025-07-07T11:39:30: 
2025-07-07T11:39:31: 
2025-07-07T11:39:31: > ezy-shop@0.1.0 start
2025-07-07T11:39:31: > next start
2025-07-07T11:39:31: 
2025-07-07T11:39:32: 
2025-07-07T11:39:32: > ezy-shop@0.1.0 start
2025-07-07T11:39:32: > next start
2025-07-07T11:39:32: 
2025-07-07T11:39:34: 
2025-07-07T11:39:34: > ezy-shop@0.1.0 start
2025-07-07T11:39:34: > next start
2025-07-07T11:39:34: 
2025-07-07T11:39:35: 
2025-07-07T11:39:35: > ezy-shop@0.1.0 start
2025-07-07T11:39:35: > next start
2025-07-07T11:39:35: 
2025-07-07T11:39:36: 
2025-07-07T11:39:36: > ezy-shop@0.1.0 start
2025-07-07T11:39:36: > next start
2025-07-07T11:39:36: 
2025-07-07T11:39:37: 
2025-07-07T11:39:37: > ezy-shop@0.1.0 start
2025-07-07T11:39:37: > next start
2025-07-07T11:39:37: 
2025-07-07T11:39:38: 
2025-07-07T11:39:38: > ezy-shop@0.1.0 start
2025-07-07T11:39:38: > next start
2025-07-07T11:39:38: 
2025-07-07T11:39:39: 
2025-07-07T11:39:39: > ezy-shop@0.1.0 start
2025-07-07T11:39:39: > next start
2025-07-07T11:39:39: 
2025-07-07T11:39:41: 
2025-07-07T11:39:41: > ezy-shop@0.1.0 start
2025-07-07T11:39:41: > next start
2025-07-07T11:39:41: 
2025-07-07T11:39:42: 
2025-07-07T11:39:42: > ezy-shop@0.1.0 start
2025-07-07T11:39:42: > next start
2025-07-07T11:39:42: 
2025-07-07T11:39:43: 
2025-07-07T11:39:43: > ezy-shop@0.1.0 start
2025-07-07T11:39:43: > next start
2025-07-07T11:39:43: 
2025-07-07T11:39:44: 
2025-07-07T11:39:44: > ezy-shop@0.1.0 start
2025-07-07T11:39:44: > next start
2025-07-07T11:39:44: 
2025-07-07T11:39:46: 
2025-07-07T11:39:46: > ezy-shop@0.1.0 start
2025-07-07T11:39:46: > next start
2025-07-07T11:39:46: 
2025-07-07T11:39:47: 
2025-07-07T11:39:47: > ezy-shop@0.1.0 start
2025-07-07T11:39:47: > next start
2025-07-07T11:39:47: 
2025-07-07T11:39:48: 
2025-07-07T11:39:48: > ezy-shop@0.1.0 start
2025-07-07T11:39:48: > next start
2025-07-07T11:39:48: 
2025-07-07T11:39:49: 
2025-07-07T11:39:49: > ezy-shop@0.1.0 start
2025-07-07T11:39:49: > next start
2025-07-07T11:39:49: 
2025-07-07T11:39:50: 
2025-07-07T11:39:50: > ezy-shop@0.1.0 start
2025-07-07T11:39:50: > next start
2025-07-07T11:39:50: 
2025-07-07T11:39:51: 
2025-07-07T11:39:51: > ezy-shop@0.1.0 start
2025-07-07T11:39:51: > next start
2025-07-07T11:39:51: 
2025-07-07T11:39:53: 
2025-07-07T11:39:53: > ezy-shop@0.1.0 start
2025-07-07T11:39:53: > next start
2025-07-07T11:39:53: 
2025-07-07T11:39:54: 
2025-07-07T11:39:54: > ezy-shop@0.1.0 start
2025-07-07T11:39:54: > next start
2025-07-07T11:39:54: 
2025-07-07T11:39:55: 
2025-07-07T11:39:55: > ezy-shop@0.1.0 start
2025-07-07T11:39:55: > next start
2025-07-07T11:39:55: 
2025-07-07T11:39:57: 
2025-07-07T11:39:57: > ezy-shop@0.1.0 start
2025-07-07T11:39:57: > next start
2025-07-07T11:39:57: 
2025-07-07T11:39:57: 
2025-07-07T11:39:57: > ezy-shop@0.1.0 start
2025-07-07T11:39:57: > next start
2025-07-07T11:39:57: 
2025-07-07T11:39:59: 
2025-07-07T11:39:59: > ezy-shop@0.1.0 start
2025-07-07T11:39:59: > next start
2025-07-07T11:39:59: 
2025-07-07T11:40:00: 
2025-07-07T11:40:00: > ezy-shop@0.1.0 start
2025-07-07T11:40:00: > next start
2025-07-07T11:40:00: 
2025-07-07T11:40:02: 
2025-07-07T11:40:02: > ezy-shop@0.1.0 start
2025-07-07T11:40:02: > next start
2025-07-07T11:40:02: 
2025-07-07T11:40:03: 
2025-07-07T11:40:03: > ezy-shop@0.1.0 start
2025-07-07T11:40:03: > next start
2025-07-07T11:40:03: 
2025-07-07T11:40:04: 
2025-07-07T11:40:04: > ezy-shop@0.1.0 start
2025-07-07T11:40:04: > next start
2025-07-07T11:40:04: 
2025-07-07T11:40:07: 
2025-07-07T11:40:07: > ezy-shop@0.1.0 start
2025-07-07T11:40:07: > next start
2025-07-07T11:40:07: 
2025-07-07T11:40:08: 
2025-07-07T11:40:08: > ezy-shop@0.1.0 start
2025-07-07T11:40:08: > next start
2025-07-07T11:40:08: 
2025-07-07T11:40:09: 
2025-07-07T11:40:09: > ezy-shop@0.1.0 start
2025-07-07T11:40:09: > next start
2025-07-07T11:40:09: 
2025-07-07T11:40:10: 
2025-07-07T11:40:10: > ezy-shop@0.1.0 start
2025-07-07T11:40:10: > next start
2025-07-07T11:40:10: 
2025-07-07T11:40:11: 
2025-07-07T11:40:11: > ezy-shop@0.1.0 start
2025-07-07T11:40:11: > next start
2025-07-07T11:40:11: 
2025-07-07T11:40:13: 
2025-07-07T11:40:13: > ezy-shop@0.1.0 start
2025-07-07T11:40:13: > next start
2025-07-07T11:40:13: 
2025-07-07T11:40:15: 
2025-07-07T11:40:15: > ezy-shop@0.1.0 start
2025-07-07T11:40:15: > next start
2025-07-07T11:40:15: 
2025-07-07T11:40:16: 
2025-07-07T11:40:16: > ezy-shop@0.1.0 start
2025-07-07T11:40:16: > next start
2025-07-07T11:40:16: 
2025-07-07T11:40:17: 
2025-07-07T11:40:17: > ezy-shop@0.1.0 start
2025-07-07T11:40:17: > next start
2025-07-07T11:40:17: 
2025-07-07T11:40:18: 
2025-07-07T11:40:18: > ezy-shop@0.1.0 start
2025-07-07T11:40:18: > next start
2025-07-07T11:40:18: 
2025-07-07T11:40:18: 
2025-07-07T11:40:18: > ezy-shop@0.1.0 start
2025-07-07T11:40:18: > next start
2025-07-07T11:40:18: 
2025-07-07T11:40:20: 
2025-07-07T11:40:20: > ezy-shop@0.1.0 start
2025-07-07T11:40:20: > next start
2025-07-07T11:40:20: 
2025-07-07T11:40:21: 
2025-07-07T11:40:21: > ezy-shop@0.1.0 start
2025-07-07T11:40:21: > next start
2025-07-07T11:40:21: 
2025-07-07T11:40:22: 
2025-07-07T11:40:22: > ezy-shop@0.1.0 start
2025-07-07T11:40:22: > next start
2025-07-07T11:40:22: 
2025-07-07T11:40:23: 
2025-07-07T11:40:23: > ezy-shop@0.1.0 start
2025-07-07T11:40:23: > next start
2025-07-07T11:40:23: 
2025-07-07T11:40:24: 
2025-07-07T11:40:24: > ezy-shop@0.1.0 start
2025-07-07T11:40:24: > next start
2025-07-07T11:40:24: 
2025-07-07T11:40:25: 
2025-07-07T11:40:25: > ezy-shop@0.1.0 start
2025-07-07T11:40:25: > next start
2025-07-07T11:40:25: 
2025-07-07T11:40:27: 
2025-07-07T11:40:27: > ezy-shop@0.1.0 start
2025-07-07T11:40:27: > next start
2025-07-07T11:40:27: 
2025-07-07T11:40:28: 
2025-07-07T11:40:28: > ezy-shop@0.1.0 start
2025-07-07T11:40:28: > next start
2025-07-07T11:40:28: 
2025-07-07T11:40:29: 
2025-07-07T11:40:29: > ezy-shop@0.1.0 start
2025-07-07T11:40:29: > next start
2025-07-07T11:40:29: 
2025-07-07T11:40:30: 
2025-07-07T11:40:30: > ezy-shop@0.1.0 start
2025-07-07T11:40:30: > next start
2025-07-07T11:40:30: 
2025-07-07T11:40:31: 
2025-07-07T11:40:31: > ezy-shop@0.1.0 start
2025-07-07T11:40:31: > next start
2025-07-07T11:40:31: 
2025-07-07T11:40:32: 
2025-07-07T11:40:32: > ezy-shop@0.1.0 start
2025-07-07T11:40:32: > next start
2025-07-07T11:40:32: 
2025-07-07T11:40:33: 
2025-07-07T11:40:33: > ezy-shop@0.1.0 start
2025-07-07T11:40:33: > next start
2025-07-07T11:40:33: 
2025-07-07T11:40:35: 
2025-07-07T11:40:35: > ezy-shop@0.1.0 start
2025-07-07T11:40:35: > next start
2025-07-07T11:40:35: 
2025-07-07T11:40:36: 
2025-07-07T11:40:36: > ezy-shop@0.1.0 start
2025-07-07T11:40:36: > next start
2025-07-07T11:40:36: 
2025-07-07T11:40:38: 
2025-07-07T11:40:38: > ezy-shop@0.1.0 start
2025-07-07T11:40:38: > next start
2025-07-07T11:40:38: 
2025-07-07T11:40:39: 
2025-07-07T11:40:39: > ezy-shop@0.1.0 start
2025-07-07T11:40:39: > next start
2025-07-07T11:40:39: 
2025-07-07T11:40:40: 
2025-07-07T11:40:40: > ezy-shop@0.1.0 start
2025-07-07T11:40:40: > next start
2025-07-07T11:40:40: 
2025-07-07T11:40:41: 
2025-07-07T11:40:41: > ezy-shop@0.1.0 start
2025-07-07T11:40:41: > next start
2025-07-07T11:40:41: 
2025-07-07T11:40:42: 
2025-07-07T11:40:42: > ezy-shop@0.1.0 start
2025-07-07T11:40:42: > next start
2025-07-07T11:40:42: 
2025-07-07T11:40:43: 
2025-07-07T11:40:43: > ezy-shop@0.1.0 start
2025-07-07T11:40:43: > next start
2025-07-07T11:40:43: 
2025-07-07T11:40:44: 
2025-07-07T11:40:44: > ezy-shop@0.1.0 start
2025-07-07T11:40:44: > next start
2025-07-07T11:40:44: 
2025-07-07T11:40:45: 
2025-07-07T11:40:45: > ezy-shop@0.1.0 start
2025-07-07T11:40:45: > next start
2025-07-07T11:40:45: 
2025-07-07T11:40:47: 
2025-07-07T11:40:47: > ezy-shop@0.1.0 start
2025-07-07T11:40:47: > next start
2025-07-07T11:40:47: 
2025-07-07T11:40:48: 
2025-07-07T11:40:48: > ezy-shop@0.1.0 start
2025-07-07T11:40:48: > next start
2025-07-07T11:40:48: 
2025-07-07T11:40:49: 
2025-07-07T11:40:49: > ezy-shop@0.1.0 start
2025-07-07T11:40:49: > next start
2025-07-07T11:40:49: 
2025-07-07T11:40:50: 
2025-07-07T11:40:50: > ezy-shop@0.1.0 start
2025-07-07T11:40:50: > next start
2025-07-07T11:40:50: 
2025-07-07T11:40:51: 
2025-07-07T11:40:51: > ezy-shop@0.1.0 start
2025-07-07T11:40:51: > next start
2025-07-07T11:40:51: 
2025-07-07T11:40:53: 
2025-07-07T11:40:53: > ezy-shop@0.1.0 start
2025-07-07T11:40:53: > next start
2025-07-07T11:40:53: 
2025-07-07T11:40:55: 
2025-07-07T11:40:55: > ezy-shop@0.1.0 start
2025-07-07T11:40:55: > next start
2025-07-07T11:40:55: 
2025-07-07T11:40:56: 
2025-07-07T11:40:56: > ezy-shop@0.1.0 start
2025-07-07T11:40:56: > next start
2025-07-07T11:40:56: 
2025-07-07T11:40:57: 
2025-07-07T11:40:57: > ezy-shop@0.1.0 start
2025-07-07T11:40:57: > next start
2025-07-07T11:40:57: 
2025-07-07T11:40:59: 
2025-07-07T11:40:59: > ezy-shop@0.1.0 start
2025-07-07T11:40:59: > next start
2025-07-07T11:40:59: 
2025-07-07T11:41:00: 
2025-07-07T11:41:00: > ezy-shop@0.1.0 start
2025-07-07T11:41:00: > next start
2025-07-07T11:41:00: 
2025-07-07T11:41:01: 
2025-07-07T11:41:01: > ezy-shop@0.1.0 start
2025-07-07T11:41:01: > next start
2025-07-07T11:41:01: 
2025-07-07T11:41:02: 
2025-07-07T11:41:02: > ezy-shop@0.1.0 start
2025-07-07T11:41:02: > next start
2025-07-07T11:41:02: 
2025-07-07T11:41:04: 
2025-07-07T11:41:04: > ezy-shop@0.1.0 start
2025-07-07T11:41:04: > next start
2025-07-07T11:41:04: 
2025-07-07T11:41:05: 
2025-07-07T11:41:05: > ezy-shop@0.1.0 start
2025-07-07T11:41:05: > next start
2025-07-07T11:41:05: 
2025-07-07T11:41:07: 
2025-07-07T11:41:07: > ezy-shop@0.1.0 start
2025-07-07T11:41:07: > next start
2025-07-07T11:41:07: 
2025-07-07T11:41:09: 
2025-07-07T11:41:09: > ezy-shop@0.1.0 start
2025-07-07T11:41:09: > next start
2025-07-07T11:41:09: 
2025-07-07T11:41:11: 
2025-07-07T11:41:11: > ezy-shop@0.1.0 start
2025-07-07T11:41:11: > next start
2025-07-07T11:41:11: 
2025-07-07T11:41:12: 
2025-07-07T11:41:12: > ezy-shop@0.1.0 start
2025-07-07T11:41:12: > next start
2025-07-07T11:41:12: 
2025-07-07T11:41:14: 
2025-07-07T11:41:14: > ezy-shop@0.1.0 start
2025-07-07T11:41:14: > next start
2025-07-07T11:41:14: 
2025-07-07T11:41:15: 
2025-07-07T11:41:15: > ezy-shop@0.1.0 start
2025-07-07T11:41:15: > next start
2025-07-07T11:41:15: 
2025-07-07T11:41:16: 
2025-07-07T11:41:16: > ezy-shop@0.1.0 start
2025-07-07T11:41:16: > next start
2025-07-07T11:41:16: 
2025-07-07T11:41:17: 
2025-07-07T11:41:17: > ezy-shop@0.1.0 start
2025-07-07T11:41:17: > next start
2025-07-07T11:41:17: 
2025-07-07T11:41:18: 
2025-07-07T11:41:18: > ezy-shop@0.1.0 start
2025-07-07T11:41:18: > next start
2025-07-07T11:41:18: 
2025-07-07T11:41:19: 
2025-07-07T11:41:19: > ezy-shop@0.1.0 start
2025-07-07T11:41:19: > next start
2025-07-07T11:41:19: 
2025-07-07T11:41:20: 
2025-07-07T11:41:20: > ezy-shop@0.1.0 start
2025-07-07T11:41:20: > next start
2025-07-07T11:41:20: 
2025-07-07T11:41:22: 
2025-07-07T11:41:22: > ezy-shop@0.1.0 start
2025-07-07T11:41:22: > next start
2025-07-07T11:41:22: 
2025-07-07T11:41:23: 
2025-07-07T11:41:23: > ezy-shop@0.1.0 start
2025-07-07T11:41:23: > next start
2025-07-07T11:41:23: 
