2025-07-07T10:02:10: 
2025-07-07T10:02:10: > ezy-shop@0.1.0 start
2025-07-07T10:02:10: > next start
2025-07-07T10:02:10: 
2025-07-07T10:02:10:    ▲ Next.js 15.3.1
2025-07-07T10:02:10:    - Local:        http://localhost:3000
2025-07-07T10:02:10:    - Network:      http://46.250.237.226:3000
2025-07-07T10:02:10: 
2025-07-07T10:02:10:  ✓ Starting...
2025-07-07T10:02:10:  ✓ Ready in 681ms
2025-07-07T10:21:26: 
2025-07-07T10:21:26: > ezy-shop@0.1.0 start
2025-07-07T10:21:26: > next start
2025-07-07T10:21:26: 
2025-07-07T10:21:27:    ▲ Next.js 15.3.1
2025-07-07T10:21:27:    - Local:        http://localhost:3000
2025-07-07T10:21:27:    - Network:      http://46.250.237.226:3000
2025-07-07T10:21:27: 
2025-07-07T10:21:27:  ✓ Starting...
2025-07-07T10:21:29:  ✓ Ready in 2.1s
2025-07-07T10:26:54: 
2025-07-07T10:26:54: > ezy-shop@0.1.0 start
2025-07-07T10:26:54: > next start
2025-07-07T10:26:54: 
2025-07-07T10:26:55:    ▲ Next.js 15.3.1
2025-07-07T10:26:55:    - Local:        http://localhost:3000
2025-07-07T10:26:55:    - Network:      http://46.250.237.226:3000
2025-07-07T10:26:55: 
2025-07-07T10:26:55:  ✓ Starting...
2025-07-07T10:26:55:  ✓ Ready in 701ms
2025-07-07T11:21:22: 
2025-07-07T11:21:22: > ezy-shop@0.1.0 start
2025-07-07T11:21:22: > next start
2025-07-07T11:21:22: 
2025-07-07T11:21:23:    ▲ Next.js 15.3.1
2025-07-07T11:21:23:    - Local:        http://localhost:3000
2025-07-07T11:21:23:    - Network:      http://46.250.237.226:3000
2025-07-07T11:21:23: 
2025-07-07T11:21:23:  ✓ Starting...
2025-07-07T11:21:23:  ✓ Ready in 848ms
2025-07-07T11:35:22: 
2025-07-07T11:35:22: > ezy-shop@0.1.0 start
2025-07-07T11:35:22: > next start
2025-07-07T11:35:22: 
2025-07-07T11:35:23:    ▲ Next.js 15.3.1
2025-07-07T11:35:23:    - Local:        http://localhost:3000
2025-07-07T11:35:23:    - Network:      http://46.250.237.226:3000
2025-07-07T11:35:23: 
2025-07-07T11:35:23:  ✓ Starting...
2025-07-07T11:35:23:  ✓ Ready in 1134ms
2025-07-07T11:38:54: 
2025-07-07T11:38:54: > ezy-shop@0.1.0 start
2025-07-07T11:38:54: > next start
2025-07-07T11:38:54: 
2025-07-07T11:38:54:  ⨯ Failed to start server
2025-07-07T11:38:54: Error: listen EADDRINUSE: address already in use :::3000
2025-07-07T11:38:54:     at <unknown> (Error: listen EADDRINUSE: address already in use :::3000)
2025-07-07T11:38:54:     at new Promise (<anonymous>) {
2025-07-07T11:38:54:   code: 'EADDRINUSE',
2025-07-07T11:38:54:   errno: -98,
2025-07-07T11:38:54:   syscall: 'listen',
2025-07-07T11:38:54:   address: '::',
2025-07-07T11:38:54:   port: 3000
2025-07-07T11:38:54: }
2025-07-07T11:38:55: 
2025-07-07T11:38:55: > ezy-shop@0.1.0 start
2025-07-07T11:38:55: > next start
2025-07-07T11:38:55: 
2025-07-07T11:38:55:  ⨯ Failed to start server
2025-07-07T11:38:55: Error: listen EADDRINUSE: address already in use :::3000
2025-07-07T11:38:55:     at <unknown> (Error: listen EADDRINUSE: address already in use :::3000)
2025-07-07T11:38:55:     at new Promise (<anonymous>) {
2025-07-07T11:38:55:   code: 'EADDRINUSE',
2025-07-07T11:38:55:   errno: -98,
2025-07-07T11:38:55:   syscall: 'listen',
2025-07-07T11:38:55:   address: '::',
2025-07-07T11:38:55:   port: 3000
2025-07-07T11:38:55: }
2025-07-07T11:38:56: 
2025-07-07T11:38:56: > ezy-shop@0.1.0 start
2025-07-07T11:38:56: > next start
2025-07-07T11:38:56: 
2025-07-07T11:38:56:  ⨯ Failed to start server
2025-07-07T11:38:56: Error: listen EADDRINUSE: address already in use :::3000
2025-07-07T11:38:56:     at <unknown> (Error: listen EADDRINUSE: address already in use :::3000)
2025-07-07T11:38:56:     at new Promise (<anonymous>) {
2025-07-07T11:38:56:   code: 'EADDRINUSE',
2025-07-07T11:38:56:   errno: -98,
2025-07-07T11:38:56:   syscall: 'listen',
2025-07-07T11:38:56:   address: '::',
2025-07-07T11:38:56:   port: 3000
2025-07-07T11:38:56: }
2025-07-07T11:38:57: 
2025-07-07T11:38:57: > ezy-shop@0.1.0 start
2025-07-07T11:38:57: > next start
2025-07-07T11:38:57: 
2025-07-07T11:38:58:  ⨯ Failed to start server
2025-07-07T11:38:58: Error: listen EADDRINUSE: address already in use :::3000
2025-07-07T11:38:58:     at <unknown> (Error: listen EADDRINUSE: address already in use :::3000)
2025-07-07T11:38:58:     at new Promise (<anonymous>) {
2025-07-07T11:38:58:   code: 'EADDRINUSE',
2025-07-07T11:38:58:   errno: -98,
2025-07-07T11:38:58:   syscall: 'listen',
2025-07-07T11:38:58:   address: '::',
2025-07-07T11:38:58:   port: 3000
2025-07-07T11:38:58: }
2025-07-07T11:38:58: 
2025-07-07T11:38:58: > ezy-shop@0.1.0 start
2025-07-07T11:38:58: > next start
2025-07-07T11:38:58: 
2025-07-07T11:38:59:  ⨯ Failed to start server
2025-07-07T11:38:59: Error: listen EADDRINUSE: address already in use :::3000
2025-07-07T11:38:59:     at <unknown> (Error: listen EADDRINUSE: address already in use :::3000)
2025-07-07T11:38:59:     at new Promise (<anonymous>) {
2025-07-07T11:38:59:   code: 'EADDRINUSE',
2025-07-07T11:38:59:   errno: -98,
2025-07-07T11:38:59:   syscall: 'listen',
2025-07-07T11:38:59:   address: '::',
2025-07-07T11:38:59:   port: 3000
2025-07-07T11:38:59: }
2025-07-07T11:39:00: 
2025-07-07T11:39:00: > ezy-shop@0.1.0 start
2025-07-07T11:39:00: > next start
2025-07-07T11:39:00: 
2025-07-07T11:39:01:  ⨯ Failed to start server
2025-07-07T11:39:01: Error: listen EADDRINUSE: address already in use :::3000
2025-07-07T11:39:01:     at <unknown> (Error: listen EADDRINUSE: address already in use :::3000)
2025-07-07T11:39:01:     at new Promise (<anonymous>) {
2025-07-07T11:39:01:   code: 'EADDRINUSE',
2025-07-07T11:39:01:   errno: -98,
2025-07-07T11:39:01:   syscall: 'listen',
2025-07-07T11:39:01:   address: '::',
2025-07-07T11:39:01:   port: 3000
2025-07-07T11:39:01: }
2025-07-07T11:39:02: 
2025-07-07T11:39:02: > ezy-shop@0.1.0 start
2025-07-07T11:39:02: > next start
2025-07-07T11:39:02: 
2025-07-07T11:39:03:  ⨯ Failed to start server
2025-07-07T11:39:03: Error: listen EADDRINUSE: address already in use :::3000
2025-07-07T11:39:03:     at <unknown> (Error: listen EADDRINUSE: address already in use :::3000)
2025-07-07T11:39:03:     at new Promise (<anonymous>) {
2025-07-07T11:39:03:   code: 'EADDRINUSE',
2025-07-07T11:39:03:   errno: -98,
2025-07-07T11:39:03:   syscall: 'listen',
2025-07-07T11:39:03:   address: '::',
2025-07-07T11:39:03:   port: 3000
2025-07-07T11:39:03: }
2025-07-07T11:39:03: 
2025-07-07T11:39:03: > ezy-shop@0.1.0 start
2025-07-07T11:39:03: > next start
2025-07-07T11:39:03: 
2025-07-07T11:39:04:  ⨯ Failed to start server
2025-07-07T11:39:04: Error: listen EADDRINUSE: address already in use :::3000
2025-07-07T11:39:04:     at <unknown> (Error: listen EADDRINUSE: address already in use :::3000)
2025-07-07T11:39:04:     at new Promise (<anonymous>) {
2025-07-07T11:39:04:   code: 'EADDRINUSE',
2025-07-07T11:39:04:   errno: -98,
2025-07-07T11:39:04:   syscall: 'listen',
2025-07-07T11:39:04:   address: '::',
2025-07-07T11:39:04:   port: 3000
2025-07-07T11:39:04: }
2025-07-07T11:39:04: 
2025-07-07T11:39:04: > ezy-shop@0.1.0 start
2025-07-07T11:39:04: > next start
2025-07-07T11:39:04: 
2025-07-07T11:39:05:  ⨯ Failed to start server
2025-07-07T11:39:05: Error: listen EADDRINUSE: address already in use :::3000
2025-07-07T11:39:05:     at <unknown> (Error: listen EADDRINUSE: address already in use :::3000)
2025-07-07T11:39:05:     at new Promise (<anonymous>) {
2025-07-07T11:39:05:   code: 'EADDRINUSE',
2025-07-07T11:39:05:   errno: -98,
2025-07-07T11:39:05:   syscall: 'listen',
2025-07-07T11:39:05:   address: '::',
2025-07-07T11:39:05:   port: 3000
2025-07-07T11:39:05: }
2025-07-07T11:39:06: 
2025-07-07T11:39:06: > ezy-shop@0.1.0 start
2025-07-07T11:39:06: > next start
2025-07-07T11:39:06: 
2025-07-07T11:39:06:  ⨯ Failed to start server
2025-07-07T11:39:06: Error: listen EADDRINUSE: address already in use :::3000
2025-07-07T11:39:06:     at <unknown> (Error: listen EADDRINUSE: address already in use :::3000)
2025-07-07T11:39:06:     at new Promise (<anonymous>) {
2025-07-07T11:39:06:   code: 'EADDRINUSE',
2025-07-07T11:39:06:   errno: -98,
2025-07-07T11:39:06:   syscall: 'listen',
2025-07-07T11:39:06:   address: '::',
2025-07-07T11:39:06:   port: 3000
2025-07-07T11:39:06: }
2025-07-07T11:39:07: 
2025-07-07T11:39:07: > ezy-shop@0.1.0 start
2025-07-07T11:39:07: > next start
2025-07-07T11:39:07: 
2025-07-07T11:39:07:  ⨯ Failed to start server
2025-07-07T11:39:07: Error: listen EADDRINUSE: address already in use :::3000
2025-07-07T11:39:07:     at <unknown> (Error: listen EADDRINUSE: address already in use :::3000)
2025-07-07T11:39:07:     at new Promise (<anonymous>) {
2025-07-07T11:39:07:   code: 'EADDRINUSE',
2025-07-07T11:39:07:   errno: -98,
2025-07-07T11:39:07:   syscall: 'listen',
2025-07-07T11:39:07:   address: '::',
2025-07-07T11:39:07:   port: 3000
2025-07-07T11:39:07: }
2025-07-07T11:39:08: 
2025-07-07T11:39:08: > ezy-shop@0.1.0 start
2025-07-07T11:39:08: > next start
2025-07-07T11:39:08: 
2025-07-07T11:39:09:  ⨯ Failed to start server
2025-07-07T11:39:09: Error: listen EADDRINUSE: address already in use :::3000
2025-07-07T11:39:09:     at <unknown> (Error: listen EADDRINUSE: address already in use :::3000)
2025-07-07T11:39:09:     at new Promise (<anonymous>) {
2025-07-07T11:39:09:   code: 'EADDRINUSE',
2025-07-07T11:39:09:   errno: -98,
2025-07-07T11:39:09:   syscall: 'listen',
2025-07-07T11:39:09:   address: '::',
2025-07-07T11:39:09:   port: 3000
2025-07-07T11:39:09: }
2025-07-07T11:39:09: 
2025-07-07T11:39:09: > ezy-shop@0.1.0 start
2025-07-07T11:39:09: > next start
2025-07-07T11:39:09: 
2025-07-07T11:39:10:  ⨯ Failed to start server
2025-07-07T11:39:10: Error: listen EADDRINUSE: address already in use :::3000
2025-07-07T11:39:10:     at <unknown> (Error: listen EADDRINUSE: address already in use :::3000)
2025-07-07T11:39:10:     at new Promise (<anonymous>) {
2025-07-07T11:39:10:   code: 'EADDRINUSE',
2025-07-07T11:39:10:   errno: -98,
2025-07-07T11:39:10:   syscall: 'listen',
2025-07-07T11:39:10:   address: '::',
2025-07-07T11:39:10:   port: 3000
2025-07-07T11:39:10: }
2025-07-07T11:39:11: 
2025-07-07T11:39:11: > ezy-shop@0.1.0 start
2025-07-07T11:39:11: > next start
2025-07-07T11:39:11: 
2025-07-07T11:39:11:  ⨯ Failed to start server
2025-07-07T11:39:11: Error: listen EADDRINUSE: address already in use :::3000
2025-07-07T11:39:11:     at <unknown> (Error: listen EADDRINUSE: address already in use :::3000)
2025-07-07T11:39:11:     at new Promise (<anonymous>) {
2025-07-07T11:39:11:   code: 'EADDRINUSE',
2025-07-07T11:39:11:   errno: -98,
2025-07-07T11:39:11:   syscall: 'listen',
2025-07-07T11:39:11:   address: '::',
2025-07-07T11:39:11:   port: 3000
2025-07-07T11:39:11: }
2025-07-07T11:39:12: 
2025-07-07T11:39:12: > ezy-shop@0.1.0 start
2025-07-07T11:39:12: > next start
2025-07-07T11:39:12: 
2025-07-07T11:39:13:  ⨯ Failed to start server
2025-07-07T11:39:13: Error: listen EADDRINUSE: address already in use :::3000
2025-07-07T11:39:13:     at <unknown> (Error: listen EADDRINUSE: address already in use :::3000)
2025-07-07T11:39:13:     at new Promise (<anonymous>) {
2025-07-07T11:39:13:   code: 'EADDRINUSE',
2025-07-07T11:39:13:   errno: -98,
2025-07-07T11:39:13:   syscall: 'listen',
2025-07-07T11:39:13:   address: '::',
2025-07-07T11:39:13:   port: 3000
2025-07-07T11:39:13: }
2025-07-07T11:39:13: 
2025-07-07T11:39:13: > ezy-shop@0.1.0 start
2025-07-07T11:39:13: > next start
2025-07-07T11:39:13: 
2025-07-07T11:39:14:  ⨯ Failed to start server
2025-07-07T11:39:14: Error: listen EADDRINUSE: address already in use :::3000
2025-07-07T11:39:14:     at <unknown> (Error: listen EADDRINUSE: address already in use :::3000)
2025-07-07T11:39:14:     at new Promise (<anonymous>) {
2025-07-07T11:39:14:   code: 'EADDRINUSE',
2025-07-07T11:39:14:   errno: -98,
2025-07-07T11:39:14:   syscall: 'listen',
2025-07-07T11:39:14:   address: '::',
2025-07-07T11:39:14:   port: 3000
2025-07-07T11:39:14: }
2025-07-07T11:39:15: 
2025-07-07T11:39:15: > ezy-shop@0.1.0 start
2025-07-07T11:39:15: > next start
2025-07-07T11:39:15: 
2025-07-07T11:39:15:  ⨯ Failed to start server
2025-07-07T11:39:15: Error: listen EADDRINUSE: address already in use :::3000
2025-07-07T11:39:15:     at <unknown> (Error: listen EADDRINUSE: address already in use :::3000)
2025-07-07T11:39:15:     at new Promise (<anonymous>) {
2025-07-07T11:39:15:   code: 'EADDRINUSE',
2025-07-07T11:39:15:   errno: -98,
2025-07-07T11:39:15:   syscall: 'listen',
2025-07-07T11:39:15:   address: '::',
2025-07-07T11:39:15:   port: 3000
2025-07-07T11:39:15: }
2025-07-07T11:39:16: 
2025-07-07T11:39:16: > ezy-shop@0.1.0 start
2025-07-07T11:39:16: > next start
2025-07-07T11:39:16: 
2025-07-07T11:39:16:  ⨯ Failed to start server
2025-07-07T11:39:16: Error: listen EADDRINUSE: address already in use :::3000
2025-07-07T11:39:16:     at <unknown> (Error: listen EADDRINUSE: address already in use :::3000)
2025-07-07T11:39:16:     at new Promise (<anonymous>) {
2025-07-07T11:39:16:   code: 'EADDRINUSE',
2025-07-07T11:39:16:   errno: -98,
2025-07-07T11:39:16:   syscall: 'listen',
2025-07-07T11:39:16:   address: '::',
2025-07-07T11:39:16:   port: 3000
2025-07-07T11:39:16: }
2025-07-07T11:39:17: 
2025-07-07T11:39:17: > ezy-shop@0.1.0 start
2025-07-07T11:39:17: > next start
2025-07-07T11:39:17: 
2025-07-07T11:39:18:  ⨯ Failed to start server
2025-07-07T11:39:18: Error: listen EADDRINUSE: address already in use :::3000
2025-07-07T11:39:18:     at <unknown> (Error: listen EADDRINUSE: address already in use :::3000)
2025-07-07T11:39:18:     at new Promise (<anonymous>) {
2025-07-07T11:39:18:   code: 'EADDRINUSE',
2025-07-07T11:39:18:   errno: -98,
2025-07-07T11:39:18:   syscall: 'listen',
2025-07-07T11:39:18:   address: '::',
2025-07-07T11:39:18:   port: 3000
2025-07-07T11:39:18: }
2025-07-07T11:39:18: 
2025-07-07T11:39:18: > ezy-shop@0.1.0 start
2025-07-07T11:39:18: > next start
2025-07-07T11:39:18: 
2025-07-07T11:39:19:  ⨯ Failed to start server
2025-07-07T11:39:19: Error: listen EADDRINUSE: address already in use :::3000
2025-07-07T11:39:19:     at <unknown> (Error: listen EADDRINUSE: address already in use :::3000)
2025-07-07T11:39:19:     at new Promise (<anonymous>) {
2025-07-07T11:39:19:   code: 'EADDRINUSE',
2025-07-07T11:39:19:   errno: -98,
2025-07-07T11:39:19:   syscall: 'listen',
2025-07-07T11:39:19:   address: '::',
2025-07-07T11:39:19:   port: 3000
2025-07-07T11:39:19: }
2025-07-07T11:39:19: 
2025-07-07T11:39:19: > ezy-shop@0.1.0 start
2025-07-07T11:39:19: > next start
2025-07-07T11:39:19: 
2025-07-07T11:39:20:  ⨯ Failed to start server
2025-07-07T11:39:20: Error: listen EADDRINUSE: address already in use :::3000
2025-07-07T11:39:20:     at <unknown> (Error: listen EADDRINUSE: address already in use :::3000)
2025-07-07T11:39:20:     at new Promise (<anonymous>) {
2025-07-07T11:39:20:   code: 'EADDRINUSE',
2025-07-07T11:39:20:   errno: -98,
2025-07-07T11:39:20:   syscall: 'listen',
2025-07-07T11:39:20:   address: '::',
2025-07-07T11:39:20:   port: 3000
2025-07-07T11:39:20: }
2025-07-07T11:39:21: 
2025-07-07T11:39:21: > ezy-shop@0.1.0 start
2025-07-07T11:39:21: > next start
2025-07-07T11:39:21: 
2025-07-07T11:39:21:  ⨯ Failed to start server
2025-07-07T11:39:21: Error: listen EADDRINUSE: address already in use :::3000
2025-07-07T11:39:21:     at <unknown> (Error: listen EADDRINUSE: address already in use :::3000)
2025-07-07T11:39:21:     at new Promise (<anonymous>) {
2025-07-07T11:39:21:   code: 'EADDRINUSE',
2025-07-07T11:39:21:   errno: -98,
2025-07-07T11:39:21:   syscall: 'listen',
2025-07-07T11:39:21:   address: '::',
2025-07-07T11:39:21:   port: 3000
2025-07-07T11:39:21: }
2025-07-07T11:39:22: 
2025-07-07T11:39:22: > ezy-shop@0.1.0 start
2025-07-07T11:39:22: > next start
2025-07-07T11:39:22: 
2025-07-07T11:39:23:  ⨯ Failed to start server
2025-07-07T11:39:23: Error: listen EADDRINUSE: address already in use :::3000
2025-07-07T11:39:23:     at <unknown> (Error: listen EADDRINUSE: address already in use :::3000)
2025-07-07T11:39:23:     at new Promise (<anonymous>) {
2025-07-07T11:39:23:   code: 'EADDRINUSE',
2025-07-07T11:39:23:   errno: -98,
2025-07-07T11:39:23:   syscall: 'listen',
2025-07-07T11:39:23:   address: '::',
2025-07-07T11:39:23:   port: 3000
2025-07-07T11:39:23: }
2025-07-07T11:39:23: 
2025-07-07T11:39:23: > ezy-shop@0.1.0 start
2025-07-07T11:39:23: > next start
2025-07-07T11:39:23: 
2025-07-07T11:39:24:  ⨯ Failed to start server
2025-07-07T11:39:24: Error: listen EADDRINUSE: address already in use :::3000
2025-07-07T11:39:24:     at <unknown> (Error: listen EADDRINUSE: address already in use :::3000)
2025-07-07T11:39:24:     at new Promise (<anonymous>) {
2025-07-07T11:39:24:   code: 'EADDRINUSE',
2025-07-07T11:39:24:   errno: -98,
2025-07-07T11:39:24:   syscall: 'listen',
2025-07-07T11:39:24:   address: '::',
2025-07-07T11:39:24:   port: 3000
2025-07-07T11:39:24: }
2025-07-07T11:39:25: 
2025-07-07T11:39:25: > ezy-shop@0.1.0 start
2025-07-07T11:39:25: > next start
2025-07-07T11:39:25: 
2025-07-07T11:39:25:  ⨯ Failed to start server
2025-07-07T11:39:25: Error: listen EADDRINUSE: address already in use :::3000
2025-07-07T11:39:25:     at <unknown> (Error: listen EADDRINUSE: address already in use :::3000)
2025-07-07T11:39:25:     at new Promise (<anonymous>) {
2025-07-07T11:39:25:   code: 'EADDRINUSE',
2025-07-07T11:39:25:   errno: -98,
2025-07-07T11:39:25:   syscall: 'listen',
2025-07-07T11:39:25:   address: '::',
2025-07-07T11:39:25:   port: 3000
2025-07-07T11:39:25: }
2025-07-07T11:39:26: 
2025-07-07T11:39:26: > ezy-shop@0.1.0 start
2025-07-07T11:39:26: > next start
2025-07-07T11:39:26: 
2025-07-07T11:39:26:  ⨯ Failed to start server
2025-07-07T11:39:26: Error: listen EADDRINUSE: address already in use :::3000
2025-07-07T11:39:26:     at <unknown> (Error: listen EADDRINUSE: address already in use :::3000)
2025-07-07T11:39:26:     at new Promise (<anonymous>) {
2025-07-07T11:39:26:   code: 'EADDRINUSE',
2025-07-07T11:39:26:   errno: -98,
2025-07-07T11:39:26:   syscall: 'listen',
2025-07-07T11:39:26:   address: '::',
2025-07-07T11:39:26:   port: 3000
2025-07-07T11:39:26: }
2025-07-07T11:39:27: 
2025-07-07T11:39:27: > ezy-shop@0.1.0 start
2025-07-07T11:39:27: > next start
2025-07-07T11:39:27: 
2025-07-07T11:39:28:  ⨯ Failed to start server
2025-07-07T11:39:28: Error: listen EADDRINUSE: address already in use :::3000
2025-07-07T11:39:28:     at <unknown> (Error: listen EADDRINUSE: address already in use :::3000)
2025-07-07T11:39:28:     at new Promise (<anonymous>) {
2025-07-07T11:39:28:   code: 'EADDRINUSE',
2025-07-07T11:39:28:   errno: -98,
2025-07-07T11:39:28:   syscall: 'listen',
2025-07-07T11:39:28:   address: '::',
2025-07-07T11:39:28:   port: 3000
2025-07-07T11:39:28: }
2025-07-07T11:39:29: 
2025-07-07T11:39:29: > ezy-shop@0.1.0 start
2025-07-07T11:39:29: > next start
2025-07-07T11:39:29: 
2025-07-07T11:39:30:  ⨯ Failed to start server
2025-07-07T11:39:30: Error: listen EADDRINUSE: address already in use :::3000
2025-07-07T11:39:30:     at <unknown> (Error: listen EADDRINUSE: address already in use :::3000)
2025-07-07T11:39:30:     at new Promise (<anonymous>) {
2025-07-07T11:39:30:   code: 'EADDRINUSE',
2025-07-07T11:39:30:   errno: -98,
2025-07-07T11:39:30:   syscall: 'listen',
2025-07-07T11:39:30:   address: '::',
2025-07-07T11:39:30:   port: 3000
2025-07-07T11:39:30: }
2025-07-07T11:39:30: 
2025-07-07T11:39:30: > ezy-shop@0.1.0 start
2025-07-07T11:39:30: > next start
2025-07-07T11:39:30: 
2025-07-07T11:39:31:  ⨯ Failed to start server
2025-07-07T11:39:31: Error: listen EADDRINUSE: address already in use :::3000
2025-07-07T11:39:31:     at <unknown> (Error: listen EADDRINUSE: address already in use :::3000)
2025-07-07T11:39:31:     at new Promise (<anonymous>) {
2025-07-07T11:39:31:   code: 'EADDRINUSE',
2025-07-07T11:39:31:   errno: -98,
2025-07-07T11:39:31:   syscall: 'listen',
2025-07-07T11:39:31:   address: '::',
2025-07-07T11:39:31:   port: 3000
2025-07-07T11:39:31: }
2025-07-07T11:39:31: 
2025-07-07T11:39:31: > ezy-shop@0.1.0 start
2025-07-07T11:39:31: > next start
2025-07-07T11:39:31: 
2025-07-07T11:39:32:  ⨯ Failed to start server
2025-07-07T11:39:32: Error: listen EADDRINUSE: address already in use :::3000
2025-07-07T11:39:32:     at <unknown> (Error: listen EADDRINUSE: address already in use :::3000)
2025-07-07T11:39:32:     at new Promise (<anonymous>) {
2025-07-07T11:39:32:   code: 'EADDRINUSE',
2025-07-07T11:39:32:   errno: -98,
2025-07-07T11:39:32:   syscall: 'listen',
2025-07-07T11:39:32:   address: '::',
2025-07-07T11:39:32:   port: 3000
2025-07-07T11:39:32: }
2025-07-07T11:39:32: 
2025-07-07T11:39:32: > ezy-shop@0.1.0 start
2025-07-07T11:39:32: > next start
2025-07-07T11:39:32: 
2025-07-07T11:39:33:  ⨯ Failed to start server
2025-07-07T11:39:33: Error: listen EADDRINUSE: address already in use :::3000
2025-07-07T11:39:33:     at <unknown> (Error: listen EADDRINUSE: address already in use :::3000)
2025-07-07T11:39:33:     at new Promise (<anonymous>) {
2025-07-07T11:39:33:   code: 'EADDRINUSE',
2025-07-07T11:39:33:   errno: -98,
2025-07-07T11:39:33:   syscall: 'listen',
2025-07-07T11:39:33:   address: '::',
2025-07-07T11:39:33:   port: 3000
2025-07-07T11:39:33: }
2025-07-07T11:39:34: 
2025-07-07T11:39:34: > ezy-shop@0.1.0 start
2025-07-07T11:39:34: > next start
2025-07-07T11:39:34: 
2025-07-07T11:39:34:  ⨯ Failed to start server
2025-07-07T11:39:34: Error: listen EADDRINUSE: address already in use :::3000
2025-07-07T11:39:34:     at <unknown> (Error: listen EADDRINUSE: address already in use :::3000)
2025-07-07T11:39:34:     at new Promise (<anonymous>) {
2025-07-07T11:39:34:   code: 'EADDRINUSE',
2025-07-07T11:39:34:   errno: -98,
2025-07-07T11:39:34:   syscall: 'listen',
2025-07-07T11:39:34:   address: '::',
2025-07-07T11:39:34:   port: 3000
2025-07-07T11:39:34: }
2025-07-07T11:39:35: 
2025-07-07T11:39:35: > ezy-shop@0.1.0 start
2025-07-07T11:39:35: > next start
2025-07-07T11:39:35: 
2025-07-07T11:39:35:  ⨯ Failed to start server
2025-07-07T11:39:35: Error: listen EADDRINUSE: address already in use :::3000
2025-07-07T11:39:35:     at <unknown> (Error: listen EADDRINUSE: address already in use :::3000)
2025-07-07T11:39:35:     at new Promise (<anonymous>) {
2025-07-07T11:39:35:   code: 'EADDRINUSE',
2025-07-07T11:39:35:   errno: -98,
2025-07-07T11:39:35:   syscall: 'listen',
2025-07-07T11:39:35:   address: '::',
2025-07-07T11:39:35:   port: 3000
2025-07-07T11:39:35: }
2025-07-07T11:39:36: 
2025-07-07T11:39:36: > ezy-shop@0.1.0 start
2025-07-07T11:39:36: > next start
2025-07-07T11:39:36: 
2025-07-07T11:39:37:  ⨯ Failed to start server
2025-07-07T11:39:37: Error: listen EADDRINUSE: address already in use :::3000
2025-07-07T11:39:37:     at <unknown> (Error: listen EADDRINUSE: address already in use :::3000)
2025-07-07T11:39:37:     at new Promise (<anonymous>) {
2025-07-07T11:39:37:   code: 'EADDRINUSE',
2025-07-07T11:39:37:   errno: -98,
2025-07-07T11:39:37:   syscall: 'listen',
2025-07-07T11:39:37:   address: '::',
2025-07-07T11:39:37:   port: 3000
2025-07-07T11:39:37: }
2025-07-07T11:39:37: 
2025-07-07T11:39:37: > ezy-shop@0.1.0 start
2025-07-07T11:39:37: > next start
2025-07-07T11:39:37: 
2025-07-07T11:39:38:  ⨯ Failed to start server
2025-07-07T11:39:38: Error: listen EADDRINUSE: address already in use :::3000
2025-07-07T11:39:38:     at <unknown> (Error: listen EADDRINUSE: address already in use :::3000)
2025-07-07T11:39:38:     at new Promise (<anonymous>) {
2025-07-07T11:39:38:   code: 'EADDRINUSE',
2025-07-07T11:39:38:   errno: -98,
2025-07-07T11:39:38:   syscall: 'listen',
2025-07-07T11:39:38:   address: '::',
2025-07-07T11:39:38:   port: 3000
2025-07-07T11:39:38: }
2025-07-07T11:39:38: 
2025-07-07T11:39:38: > ezy-shop@0.1.0 start
2025-07-07T11:39:38: > next start
2025-07-07T11:39:38: 
2025-07-07T11:39:39:  ⨯ Failed to start server
2025-07-07T11:39:39: Error: listen EADDRINUSE: address already in use :::3000
2025-07-07T11:39:39:     at <unknown> (Error: listen EADDRINUSE: address already in use :::3000)
2025-07-07T11:39:39:     at new Promise (<anonymous>) {
2025-07-07T11:39:39:   code: 'EADDRINUSE',
2025-07-07T11:39:39:   errno: -98,
2025-07-07T11:39:39:   syscall: 'listen',
2025-07-07T11:39:39:   address: '::',
2025-07-07T11:39:39:   port: 3000
2025-07-07T11:39:39: }
2025-07-07T11:39:39: 
2025-07-07T11:39:39: > ezy-shop@0.1.0 start
2025-07-07T11:39:39: > next start
2025-07-07T11:39:39: 
2025-07-07T11:39:40:  ⨯ Failed to start server
2025-07-07T11:39:40: Error: listen EADDRINUSE: address already in use :::3000
2025-07-07T11:39:40:     at <unknown> (Error: listen EADDRINUSE: address already in use :::3000)
2025-07-07T11:39:40:     at new Promise (<anonymous>) {
2025-07-07T11:39:40:   code: 'EADDRINUSE',
2025-07-07T11:39:40:   errno: -98,
2025-07-07T11:39:40:   syscall: 'listen',
2025-07-07T11:39:40:   address: '::',
2025-07-07T11:39:40:   port: 3000
2025-07-07T11:39:40: }
2025-07-07T11:39:41: 
2025-07-07T11:39:41: > ezy-shop@0.1.0 start
2025-07-07T11:39:41: > next start
2025-07-07T11:39:41: 
2025-07-07T11:39:41:  ⨯ Failed to start server
2025-07-07T11:39:41: Error: listen EADDRINUSE: address already in use :::3000
2025-07-07T11:39:41:     at <unknown> (Error: listen EADDRINUSE: address already in use :::3000)
2025-07-07T11:39:41:     at new Promise (<anonymous>) {
2025-07-07T11:39:41:   code: 'EADDRINUSE',
2025-07-07T11:39:41:   errno: -98,
2025-07-07T11:39:41:   syscall: 'listen',
2025-07-07T11:39:41:   address: '::',
2025-07-07T11:39:41:   port: 3000
2025-07-07T11:39:41: }
2025-07-07T11:39:42: 
2025-07-07T11:39:42: > ezy-shop@0.1.0 start
2025-07-07T11:39:42: > next start
2025-07-07T11:39:42: 
2025-07-07T11:39:43:  ⨯ Failed to start server
2025-07-07T11:39:43: Error: listen EADDRINUSE: address already in use :::3000
2025-07-07T11:39:43:     at <unknown> (Error: listen EADDRINUSE: address already in use :::3000)
2025-07-07T11:39:43:     at new Promise (<anonymous>) {
2025-07-07T11:39:43:   code: 'EADDRINUSE',
2025-07-07T11:39:43:   errno: -98,
2025-07-07T11:39:43:   syscall: 'listen',
2025-07-07T11:39:43:   address: '::',
2025-07-07T11:39:43:   port: 3000
2025-07-07T11:39:43: }
2025-07-07T11:39:43: 
2025-07-07T11:39:43: > ezy-shop@0.1.0 start
2025-07-07T11:39:43: > next start
2025-07-07T11:39:43: 
2025-07-07T11:39:44:  ⨯ Failed to start server
2025-07-07T11:39:44: Error: listen EADDRINUSE: address already in use :::3000
2025-07-07T11:39:44:     at <unknown> (Error: listen EADDRINUSE: address already in use :::3000)
2025-07-07T11:39:44:     at new Promise (<anonymous>) {
2025-07-07T11:39:44:   code: 'EADDRINUSE',
2025-07-07T11:39:44:   errno: -98,
2025-07-07T11:39:44:   syscall: 'listen',
2025-07-07T11:39:44:   address: '::',
2025-07-07T11:39:44:   port: 3000
2025-07-07T11:39:44: }
2025-07-07T11:39:44: 
2025-07-07T11:39:44: > ezy-shop@0.1.0 start
2025-07-07T11:39:44: > next start
2025-07-07T11:39:44: 
2025-07-07T11:39:45:  ⨯ Failed to start server
2025-07-07T11:39:45: Error: listen EADDRINUSE: address already in use :::3000
2025-07-07T11:39:45:     at <unknown> (Error: listen EADDRINUSE: address already in use :::3000)
2025-07-07T11:39:45:     at new Promise (<anonymous>) {
2025-07-07T11:39:45:   code: 'EADDRINUSE',
2025-07-07T11:39:45:   errno: -98,
2025-07-07T11:39:45:   syscall: 'listen',
2025-07-07T11:39:45:   address: '::',
2025-07-07T11:39:45:   port: 3000
2025-07-07T11:39:45: }
2025-07-07T11:39:46: 
2025-07-07T11:39:46: > ezy-shop@0.1.0 start
2025-07-07T11:39:46: > next start
2025-07-07T11:39:46: 
2025-07-07T11:39:46:  ⨯ Failed to start server
2025-07-07T11:39:46: Error: listen EADDRINUSE: address already in use :::3000
2025-07-07T11:39:46:     at <unknown> (Error: listen EADDRINUSE: address already in use :::3000)
2025-07-07T11:39:46:     at new Promise (<anonymous>) {
2025-07-07T11:39:46:   code: 'EADDRINUSE',
2025-07-07T11:39:46:   errno: -98,
2025-07-07T11:39:46:   syscall: 'listen',
2025-07-07T11:39:46:   address: '::',
2025-07-07T11:39:46:   port: 3000
2025-07-07T11:39:46: }
2025-07-07T11:39:47: 
2025-07-07T11:39:47: > ezy-shop@0.1.0 start
2025-07-07T11:39:47: > next start
2025-07-07T11:39:47: 
2025-07-07T11:39:47:  ⨯ Failed to start server
2025-07-07T11:39:47: Error: listen EADDRINUSE: address already in use :::3000
2025-07-07T11:39:47:     at <unknown> (Error: listen EADDRINUSE: address already in use :::3000)
2025-07-07T11:39:47:     at new Promise (<anonymous>) {
2025-07-07T11:39:47:   code: 'EADDRINUSE',
2025-07-07T11:39:47:   errno: -98,
2025-07-07T11:39:47:   syscall: 'listen',
2025-07-07T11:39:47:   address: '::',
2025-07-07T11:39:47:   port: 3000
2025-07-07T11:39:47: }
2025-07-07T11:39:48: 
2025-07-07T11:39:48: > ezy-shop@0.1.0 start
2025-07-07T11:39:48: > next start
2025-07-07T11:39:48: 
2025-07-07T11:39:49:  ⨯ Failed to start server
2025-07-07T11:39:49: Error: listen EADDRINUSE: address already in use :::3000
2025-07-07T11:39:49:     at <unknown> (Error: listen EADDRINUSE: address already in use :::3000)
2025-07-07T11:39:49:     at new Promise (<anonymous>) {
2025-07-07T11:39:49:   code: 'EADDRINUSE',
2025-07-07T11:39:49:   errno: -98,
2025-07-07T11:39:49:   syscall: 'listen',
2025-07-07T11:39:49:   address: '::',
2025-07-07T11:39:49:   port: 3000
2025-07-07T11:39:49: }
2025-07-07T11:39:49: 
2025-07-07T11:39:49: > ezy-shop@0.1.0 start
2025-07-07T11:39:49: > next start
2025-07-07T11:39:49: 
2025-07-07T11:39:50:  ⨯ Failed to start server
2025-07-07T11:39:50: Error: listen EADDRINUSE: address already in use :::3000
2025-07-07T11:39:50:     at <unknown> (Error: listen EADDRINUSE: address already in use :::3000)
2025-07-07T11:39:50:     at new Promise (<anonymous>) {
2025-07-07T11:39:50:   code: 'EADDRINUSE',
2025-07-07T11:39:50:   errno: -98,
2025-07-07T11:39:50:   syscall: 'listen',
2025-07-07T11:39:50:   address: '::',
2025-07-07T11:39:50:   port: 3000
2025-07-07T11:39:50: }
2025-07-07T11:39:50: 
2025-07-07T11:39:50: > ezy-shop@0.1.0 start
2025-07-07T11:39:50: > next start
2025-07-07T11:39:50: 
2025-07-07T11:39:51:  ⨯ Failed to start server
2025-07-07T11:39:51: Error: listen EADDRINUSE: address already in use :::3000
2025-07-07T11:39:51:     at <unknown> (Error: listen EADDRINUSE: address already in use :::3000)
2025-07-07T11:39:51:     at new Promise (<anonymous>) {
2025-07-07T11:39:51:   code: 'EADDRINUSE',
2025-07-07T11:39:51:   errno: -98,
2025-07-07T11:39:51:   syscall: 'listen',
2025-07-07T11:39:51:   address: '::',
2025-07-07T11:39:51:   port: 3000
2025-07-07T11:39:51: }
2025-07-07T11:39:51: 
2025-07-07T11:39:51: > ezy-shop@0.1.0 start
2025-07-07T11:39:51: > next start
2025-07-07T11:39:51: 
2025-07-07T11:39:52:  ⨯ Failed to start server
2025-07-07T11:39:52: Error: listen EADDRINUSE: address already in use :::3000
2025-07-07T11:39:52:     at <unknown> (Error: listen EADDRINUSE: address already in use :::3000)
2025-07-07T11:39:52:     at new Promise (<anonymous>) {
2025-07-07T11:39:52:   code: 'EADDRINUSE',
2025-07-07T11:39:52:   errno: -98,
2025-07-07T11:39:52:   syscall: 'listen',
2025-07-07T11:39:52:   address: '::',
2025-07-07T11:39:52:   port: 3000
2025-07-07T11:39:52: }
2025-07-07T11:39:53: 
2025-07-07T11:39:53: > ezy-shop@0.1.0 start
2025-07-07T11:39:53: > next start
2025-07-07T11:39:53: 
2025-07-07T11:39:54:  ⨯ Failed to start server
2025-07-07T11:39:54: Error: listen EADDRINUSE: address already in use :::3000
2025-07-07T11:39:54:     at <unknown> (Error: listen EADDRINUSE: address already in use :::3000)
2025-07-07T11:39:54:     at new Promise (<anonymous>) {
2025-07-07T11:39:54:   code: 'EADDRINUSE',
2025-07-07T11:39:54:   errno: -98,
2025-07-07T11:39:54:   syscall: 'listen',
2025-07-07T11:39:54:   address: '::',
2025-07-07T11:39:54:   port: 3000
2025-07-07T11:39:54: }
2025-07-07T11:39:54: 
2025-07-07T11:39:54: > ezy-shop@0.1.0 start
2025-07-07T11:39:54: > next start
2025-07-07T11:39:54: 
2025-07-07T11:39:55:  ⨯ Failed to start server
2025-07-07T11:39:55: Error: listen EADDRINUSE: address already in use :::3000
2025-07-07T11:39:55:     at <unknown> (Error: listen EADDRINUSE: address already in use :::3000)
2025-07-07T11:39:55:     at new Promise (<anonymous>) {
2025-07-07T11:39:55:   code: 'EADDRINUSE',
2025-07-07T11:39:55:   errno: -98,
2025-07-07T11:39:55:   syscall: 'listen',
2025-07-07T11:39:55:   address: '::',
2025-07-07T11:39:55:   port: 3000
2025-07-07T11:39:55: }
2025-07-07T11:39:55: 
2025-07-07T11:39:55: > ezy-shop@0.1.0 start
2025-07-07T11:39:55: > next start
2025-07-07T11:39:55: 
2025-07-07T11:39:56:  ⨯ Failed to start server
2025-07-07T11:39:56: Error: listen EADDRINUSE: address already in use :::3000
2025-07-07T11:39:56:     at <unknown> (Error: listen EADDRINUSE: address already in use :::3000)
2025-07-07T11:39:56:     at new Promise (<anonymous>) {
2025-07-07T11:39:56:   code: 'EADDRINUSE',
2025-07-07T11:39:56:   errno: -98,
2025-07-07T11:39:56:   syscall: 'listen',
2025-07-07T11:39:56:   address: '::',
2025-07-07T11:39:56:   port: 3000
2025-07-07T11:39:56: }
2025-07-07T11:39:57: 
2025-07-07T11:39:57: > ezy-shop@0.1.0 start
2025-07-07T11:39:57: > next start
2025-07-07T11:39:57: 
2025-07-07T11:39:57:  ⨯ Failed to start server
2025-07-07T11:39:57: Error: listen EADDRINUSE: address already in use :::3000
2025-07-07T11:39:57:     at <unknown> (Error: listen EADDRINUSE: address already in use :::3000)
2025-07-07T11:39:57:     at new Promise (<anonymous>) {
2025-07-07T11:39:57:   code: 'EADDRINUSE',
2025-07-07T11:39:57:   errno: -98,
2025-07-07T11:39:57:   syscall: 'listen',
2025-07-07T11:39:57:   address: '::',
2025-07-07T11:39:57:   port: 3000
2025-07-07T11:39:57: }
2025-07-07T11:39:57: 
2025-07-07T11:39:57: > ezy-shop@0.1.0 start
2025-07-07T11:39:57: > next start
2025-07-07T11:39:57: 
2025-07-07T11:39:58:  ⨯ Failed to start server
2025-07-07T11:39:58: Error: listen EADDRINUSE: address already in use :::3000
2025-07-07T11:39:58:     at <unknown> (Error: listen EADDRINUSE: address already in use :::3000)
2025-07-07T11:39:58:     at new Promise (<anonymous>) {
2025-07-07T11:39:58:   code: 'EADDRINUSE',
2025-07-07T11:39:58:   errno: -98,
2025-07-07T11:39:58:   syscall: 'listen',
2025-07-07T11:39:58:   address: '::',
2025-07-07T11:39:58:   port: 3000
2025-07-07T11:39:58: }
2025-07-07T11:39:59: 
2025-07-07T11:39:59: > ezy-shop@0.1.0 start
2025-07-07T11:39:59: > next start
2025-07-07T11:39:59: 
2025-07-07T11:39:59:  ⨯ Failed to start server
2025-07-07T11:39:59: Error: listen EADDRINUSE: address already in use :::3000
2025-07-07T11:39:59:     at <unknown> (Error: listen EADDRINUSE: address already in use :::3000)
2025-07-07T11:39:59:     at new Promise (<anonymous>) {
2025-07-07T11:39:59:   code: 'EADDRINUSE',
2025-07-07T11:39:59:   errno: -98,
2025-07-07T11:39:59:   syscall: 'listen',
2025-07-07T11:39:59:   address: '::',
2025-07-07T11:39:59:   port: 3000
2025-07-07T11:39:59: }
2025-07-07T11:40:00: 
2025-07-07T11:40:00: > ezy-shop@0.1.0 start
2025-07-07T11:40:00: > next start
2025-07-07T11:40:00: 
2025-07-07T11:40:01:  ⨯ Failed to start server
2025-07-07T11:40:01: Error: listen EADDRINUSE: address already in use :::3000
2025-07-07T11:40:01:     at <unknown> (Error: listen EADDRINUSE: address already in use :::3000)
2025-07-07T11:40:01:     at new Promise (<anonymous>) {
2025-07-07T11:40:01:   code: 'EADDRINUSE',
2025-07-07T11:40:01:   errno: -98,
2025-07-07T11:40:01:   syscall: 'listen',
2025-07-07T11:40:01:   address: '::',
2025-07-07T11:40:01:   port: 3000
2025-07-07T11:40:01: }
2025-07-07T11:40:02: 
2025-07-07T11:40:02: > ezy-shop@0.1.0 start
2025-07-07T11:40:02: > next start
2025-07-07T11:40:02: 
2025-07-07T11:40:03:  ⨯ Failed to start server
2025-07-07T11:40:03: Error: listen EADDRINUSE: address already in use :::3000
2025-07-07T11:40:03:     at <unknown> (Error: listen EADDRINUSE: address already in use :::3000)
2025-07-07T11:40:03:     at new Promise (<anonymous>) {
2025-07-07T11:40:03:   code: 'EADDRINUSE',
2025-07-07T11:40:03:   errno: -98,
2025-07-07T11:40:03:   syscall: 'listen',
2025-07-07T11:40:03:   address: '::',
2025-07-07T11:40:03:   port: 3000
2025-07-07T11:40:03: }
2025-07-07T11:40:03: 
2025-07-07T11:40:03: > ezy-shop@0.1.0 start
2025-07-07T11:40:03: > next start
2025-07-07T11:40:03: 
2025-07-07T11:40:04:  ⨯ Failed to start server
2025-07-07T11:40:04: Error: listen EADDRINUSE: address already in use :::3000
2025-07-07T11:40:04:     at <unknown> (Error: listen EADDRINUSE: address already in use :::3000)
2025-07-07T11:40:04:     at new Promise (<anonymous>) {
2025-07-07T11:40:04:   code: 'EADDRINUSE',
2025-07-07T11:40:04:   errno: -98,
2025-07-07T11:40:04:   syscall: 'listen',
2025-07-07T11:40:04:   address: '::',
2025-07-07T11:40:04:   port: 3000
2025-07-07T11:40:04: }
2025-07-07T11:40:04: 
2025-07-07T11:40:04: > ezy-shop@0.1.0 start
2025-07-07T11:40:04: > next start
2025-07-07T11:40:04: 
2025-07-07T11:40:05:  ⨯ Failed to start server
2025-07-07T11:40:05: Error: listen EADDRINUSE: address already in use :::3000
2025-07-07T11:40:05:     at <unknown> (Error: listen EADDRINUSE: address already in use :::3000)
2025-07-07T11:40:05:     at new Promise (<anonymous>) {
2025-07-07T11:40:05:   code: 'EADDRINUSE',
2025-07-07T11:40:05:   errno: -98,
2025-07-07T11:40:05:   syscall: 'listen',
2025-07-07T11:40:05:   address: '::',
2025-07-07T11:40:05:   port: 3000
2025-07-07T11:40:05: }
2025-07-07T11:40:07: 
2025-07-07T11:40:07: > ezy-shop@0.1.0 start
2025-07-07T11:40:07: > next start
2025-07-07T11:40:07: 
2025-07-07T11:40:07:  ⨯ Failed to start server
2025-07-07T11:40:07: Error: listen EADDRINUSE: address already in use :::3000
2025-07-07T11:40:07:     at <unknown> (Error: listen EADDRINUSE: address already in use :::3000)
2025-07-07T11:40:07:     at new Promise (<anonymous>) {
2025-07-07T11:40:07:   code: 'EADDRINUSE',
2025-07-07T11:40:07:   errno: -98,
2025-07-07T11:40:07:   syscall: 'listen',
2025-07-07T11:40:07:   address: '::',
2025-07-07T11:40:07:   port: 3000
2025-07-07T11:40:07: }
2025-07-07T11:40:08: 
2025-07-07T11:40:08: > ezy-shop@0.1.0 start
2025-07-07T11:40:08: > next start
2025-07-07T11:40:08: 
2025-07-07T11:40:09:  ⨯ Failed to start server
2025-07-07T11:40:09: Error: listen EADDRINUSE: address already in use :::3000
2025-07-07T11:40:09:     at <unknown> (Error: listen EADDRINUSE: address already in use :::3000)
2025-07-07T11:40:09:     at new Promise (<anonymous>) {
2025-07-07T11:40:09:   code: 'EADDRINUSE',
2025-07-07T11:40:09:   errno: -98,
2025-07-07T11:40:09:   syscall: 'listen',
2025-07-07T11:40:09:   address: '::',
2025-07-07T11:40:09:   port: 3000
2025-07-07T11:40:09: }
2025-07-07T11:40:09: 
2025-07-07T11:40:09: > ezy-shop@0.1.0 start
2025-07-07T11:40:09: > next start
2025-07-07T11:40:09: 
2025-07-07T11:40:09:  ⨯ Failed to start server
2025-07-07T11:40:09: Error: listen EADDRINUSE: address already in use :::3000
2025-07-07T11:40:09:     at <unknown> (Error: listen EADDRINUSE: address already in use :::3000)
2025-07-07T11:40:09:     at new Promise (<anonymous>) {
2025-07-07T11:40:09:   code: 'EADDRINUSE',
2025-07-07T11:40:09:   errno: -98,
2025-07-07T11:40:09:   syscall: 'listen',
2025-07-07T11:40:09:   address: '::',
2025-07-07T11:40:09:   port: 3000
2025-07-07T11:40:09: }
2025-07-07T11:40:10: 
2025-07-07T11:40:10: > ezy-shop@0.1.0 start
2025-07-07T11:40:10: > next start
2025-07-07T11:40:10: 
2025-07-07T11:40:10:  ⨯ Failed to start server
2025-07-07T11:40:10: Error: listen EADDRINUSE: address already in use :::3000
2025-07-07T11:40:10:     at <unknown> (Error: listen EADDRINUSE: address already in use :::3000)
2025-07-07T11:40:10:     at new Promise (<anonymous>) {
2025-07-07T11:40:10:   code: 'EADDRINUSE',
2025-07-07T11:40:10:   errno: -98,
2025-07-07T11:40:10:   syscall: 'listen',
2025-07-07T11:40:10:   address: '::',
2025-07-07T11:40:10:   port: 3000
2025-07-07T11:40:10: }
2025-07-07T11:40:11: 
2025-07-07T11:40:11: > ezy-shop@0.1.0 start
2025-07-07T11:40:11: > next start
2025-07-07T11:40:11: 
2025-07-07T11:40:12:  ⨯ Failed to start server
2025-07-07T11:40:12: Error: listen EADDRINUSE: address already in use :::3000
2025-07-07T11:40:12:     at <unknown> (Error: listen EADDRINUSE: address already in use :::3000)
2025-07-07T11:40:12:     at new Promise (<anonymous>) {
2025-07-07T11:40:12:   code: 'EADDRINUSE',
2025-07-07T11:40:12:   errno: -98,
2025-07-07T11:40:12:   syscall: 'listen',
2025-07-07T11:40:12:   address: '::',
2025-07-07T11:40:12:   port: 3000
2025-07-07T11:40:12: }
2025-07-07T11:40:13: 
2025-07-07T11:40:13: > ezy-shop@0.1.0 start
2025-07-07T11:40:13: > next start
2025-07-07T11:40:13: 
2025-07-07T11:40:14:  ⨯ Failed to start server
2025-07-07T11:40:14: Error: listen EADDRINUSE: address already in use :::3000
2025-07-07T11:40:14:     at <unknown> (Error: listen EADDRINUSE: address already in use :::3000)
2025-07-07T11:40:14:     at new Promise (<anonymous>) {
2025-07-07T11:40:14:   code: 'EADDRINUSE',
2025-07-07T11:40:14:   errno: -98,
2025-07-07T11:40:14:   syscall: 'listen',
2025-07-07T11:40:14:   address: '::',
2025-07-07T11:40:14:   port: 3000
2025-07-07T11:40:14: }
2025-07-07T11:40:15: 
2025-07-07T11:40:15: > ezy-shop@0.1.0 start
2025-07-07T11:40:15: > next start
2025-07-07T11:40:15: 
2025-07-07T11:40:15:  ⨯ Failed to start server
2025-07-07T11:40:15: Error: listen EADDRINUSE: address already in use :::3000
2025-07-07T11:40:15:     at <unknown> (Error: listen EADDRINUSE: address already in use :::3000)
2025-07-07T11:40:15:     at new Promise (<anonymous>) {
2025-07-07T11:40:15:   code: 'EADDRINUSE',
2025-07-07T11:40:15:   errno: -98,
2025-07-07T11:40:15:   syscall: 'listen',
2025-07-07T11:40:15:   address: '::',
2025-07-07T11:40:15:   port: 3000
2025-07-07T11:40:15: }
2025-07-07T11:40:16: 
2025-07-07T11:40:16: > ezy-shop@0.1.0 start
2025-07-07T11:40:16: > next start
2025-07-07T11:40:16: 
2025-07-07T11:40:16:  ⨯ Failed to start server
2025-07-07T11:40:16: Error: listen EADDRINUSE: address already in use :::3000
2025-07-07T11:40:16:     at <unknown> (Error: listen EADDRINUSE: address already in use :::3000)
2025-07-07T11:40:16:     at new Promise (<anonymous>) {
2025-07-07T11:40:16:   code: 'EADDRINUSE',
2025-07-07T11:40:16:   errno: -98,
2025-07-07T11:40:16:   syscall: 'listen',
2025-07-07T11:40:16:   address: '::',
2025-07-07T11:40:16:   port: 3000
2025-07-07T11:40:16: }
2025-07-07T11:40:17: 
2025-07-07T11:40:17: > ezy-shop@0.1.0 start
2025-07-07T11:40:17: > next start
2025-07-07T11:40:17: 
2025-07-07T11:40:17:  ⨯ Failed to start server
2025-07-07T11:40:17: Error: listen EADDRINUSE: address already in use :::3000
2025-07-07T11:40:17:     at <unknown> (Error: listen EADDRINUSE: address already in use :::3000)
2025-07-07T11:40:17:     at new Promise (<anonymous>) {
2025-07-07T11:40:17:   code: 'EADDRINUSE',
2025-07-07T11:40:17:   errno: -98,
2025-07-07T11:40:17:   syscall: 'listen',
2025-07-07T11:40:17:   address: '::',
2025-07-07T11:40:17:   port: 3000
2025-07-07T11:40:17: }
2025-07-07T11:40:18: 
2025-07-07T11:40:18: > ezy-shop@0.1.0 start
2025-07-07T11:40:18: > next start
2025-07-07T11:40:18: 
2025-07-07T11:40:18:  ⨯ Failed to start server
2025-07-07T11:40:18: Error: listen EADDRINUSE: address already in use :::3000
2025-07-07T11:40:18:     at <unknown> (Error: listen EADDRINUSE: address already in use :::3000)
2025-07-07T11:40:18:     at new Promise (<anonymous>) {
2025-07-07T11:40:18:   code: 'EADDRINUSE',
2025-07-07T11:40:18:   errno: -98,
2025-07-07T11:40:18:   syscall: 'listen',
2025-07-07T11:40:18:   address: '::',
2025-07-07T11:40:18:   port: 3000
2025-07-07T11:40:18: }
2025-07-07T11:40:18: 
2025-07-07T11:40:18: > ezy-shop@0.1.0 start
2025-07-07T11:40:18: > next start
2025-07-07T11:40:18: 
2025-07-07T11:40:19:  ⨯ Failed to start server
2025-07-07T11:40:19: Error: listen EADDRINUSE: address already in use :::3000
2025-07-07T11:40:19:     at <unknown> (Error: listen EADDRINUSE: address already in use :::3000)
2025-07-07T11:40:19:     at new Promise (<anonymous>) {
2025-07-07T11:40:19:   code: 'EADDRINUSE',
2025-07-07T11:40:19:   errno: -98,
2025-07-07T11:40:19:   syscall: 'listen',
2025-07-07T11:40:19:   address: '::',
2025-07-07T11:40:19:   port: 3000
2025-07-07T11:40:19: }
2025-07-07T11:40:20: 
2025-07-07T11:40:20: > ezy-shop@0.1.0 start
2025-07-07T11:40:20: > next start
2025-07-07T11:40:20: 
2025-07-07T11:40:20:  ⨯ Failed to start server
2025-07-07T11:40:20: Error: listen EADDRINUSE: address already in use :::3000
2025-07-07T11:40:20:     at <unknown> (Error: listen EADDRINUSE: address already in use :::3000)
2025-07-07T11:40:20:     at new Promise (<anonymous>) {
2025-07-07T11:40:20:   code: 'EADDRINUSE',
2025-07-07T11:40:20:   errno: -98,
2025-07-07T11:40:20:   syscall: 'listen',
2025-07-07T11:40:20:   address: '::',
2025-07-07T11:40:20:   port: 3000
2025-07-07T11:40:20: }
2025-07-07T11:40:21: 
2025-07-07T11:40:21: > ezy-shop@0.1.0 start
2025-07-07T11:40:21: > next start
2025-07-07T11:40:21: 
2025-07-07T11:40:21:  ⨯ Failed to start server
2025-07-07T11:40:21: Error: listen EADDRINUSE: address already in use :::3000
2025-07-07T11:40:21:     at <unknown> (Error: listen EADDRINUSE: address already in use :::3000)
2025-07-07T11:40:21:     at new Promise (<anonymous>) {
2025-07-07T11:40:21:   code: 'EADDRINUSE',
2025-07-07T11:40:21:   errno: -98,
2025-07-07T11:40:21:   syscall: 'listen',
2025-07-07T11:40:21:   address: '::',
2025-07-07T11:40:21:   port: 3000
2025-07-07T11:40:21: }
2025-07-07T11:40:22: 
2025-07-07T11:40:22: > ezy-shop@0.1.0 start
2025-07-07T11:40:22: > next start
2025-07-07T11:40:22: 
2025-07-07T11:40:23:  ⨯ Failed to start server
2025-07-07T11:40:23: Error: listen EADDRINUSE: address already in use :::3000
2025-07-07T11:40:23:     at <unknown> (Error: listen EADDRINUSE: address already in use :::3000)
2025-07-07T11:40:23:     at new Promise (<anonymous>) {
2025-07-07T11:40:23:   code: 'EADDRINUSE',
2025-07-07T11:40:23:   errno: -98,
2025-07-07T11:40:23:   syscall: 'listen',
2025-07-07T11:40:23:   address: '::',
2025-07-07T11:40:23:   port: 3000
2025-07-07T11:40:23: }
2025-07-07T11:40:23: 
2025-07-07T11:40:23: > ezy-shop@0.1.0 start
2025-07-07T11:40:23: > next start
2025-07-07T11:40:23: 
2025-07-07T11:40:24:  ⨯ Failed to start server
2025-07-07T11:40:24: Error: listen EADDRINUSE: address already in use :::3000
2025-07-07T11:40:24:     at <unknown> (Error: listen EADDRINUSE: address already in use :::3000)
2025-07-07T11:40:24:     at new Promise (<anonymous>) {
2025-07-07T11:40:24:   code: 'EADDRINUSE',
2025-07-07T11:40:24:   errno: -98,
2025-07-07T11:40:24:   syscall: 'listen',
2025-07-07T11:40:24:   address: '::',
2025-07-07T11:40:24:   port: 3000
2025-07-07T11:40:24: }
2025-07-07T11:40:24: 
2025-07-07T11:40:24: > ezy-shop@0.1.0 start
2025-07-07T11:40:24: > next start
2025-07-07T11:40:24: 
2025-07-07T11:40:25:  ⨯ Failed to start server
2025-07-07T11:40:25: Error: listen EADDRINUSE: address already in use :::3000
2025-07-07T11:40:25:     at <unknown> (Error: listen EADDRINUSE: address already in use :::3000)
2025-07-07T11:40:25:     at new Promise (<anonymous>) {
2025-07-07T11:40:25:   code: 'EADDRINUSE',
2025-07-07T11:40:25:   errno: -98,
2025-07-07T11:40:25:   syscall: 'listen',
2025-07-07T11:40:25:   address: '::',
2025-07-07T11:40:25:   port: 3000
2025-07-07T11:40:25: }
2025-07-07T11:40:25: 
2025-07-07T11:40:25: > ezy-shop@0.1.0 start
2025-07-07T11:40:25: > next start
2025-07-07T11:40:25: 
2025-07-07T11:40:26:  ⨯ Failed to start server
2025-07-07T11:40:26: Error: listen EADDRINUSE: address already in use :::3000
2025-07-07T11:40:26:     at <unknown> (Error: listen EADDRINUSE: address already in use :::3000)
2025-07-07T11:40:26:     at new Promise (<anonymous>) {
2025-07-07T11:40:26:   code: 'EADDRINUSE',
2025-07-07T11:40:26:   errno: -98,
2025-07-07T11:40:26:   syscall: 'listen',
2025-07-07T11:40:26:   address: '::',
2025-07-07T11:40:26:   port: 3000
2025-07-07T11:40:26: }
2025-07-07T11:40:27: 
2025-07-07T11:40:27: > ezy-shop@0.1.0 start
2025-07-07T11:40:27: > next start
2025-07-07T11:40:27: 
2025-07-07T11:40:27:  ⨯ Failed to start server
2025-07-07T11:40:27: Error: listen EADDRINUSE: address already in use :::3000
2025-07-07T11:40:27:     at <unknown> (Error: listen EADDRINUSE: address already in use :::3000)
2025-07-07T11:40:27:     at new Promise (<anonymous>) {
2025-07-07T11:40:27:   code: 'EADDRINUSE',
2025-07-07T11:40:27:   errno: -98,
2025-07-07T11:40:27:   syscall: 'listen',
2025-07-07T11:40:27:   address: '::',
2025-07-07T11:40:27:   port: 3000
2025-07-07T11:40:27: }
2025-07-07T11:40:28: 
2025-07-07T11:40:28: > ezy-shop@0.1.0 start
2025-07-07T11:40:28: > next start
2025-07-07T11:40:28: 
2025-07-07T11:40:28:  ⨯ Failed to start server
2025-07-07T11:40:28: Error: listen EADDRINUSE: address already in use :::3000
2025-07-07T11:40:28:     at <unknown> (Error: listen EADDRINUSE: address already in use :::3000)
2025-07-07T11:40:28:     at new Promise (<anonymous>) {
2025-07-07T11:40:28:   code: 'EADDRINUSE',
2025-07-07T11:40:28:   errno: -98,
2025-07-07T11:40:28:   syscall: 'listen',
2025-07-07T11:40:28:   address: '::',
2025-07-07T11:40:28:   port: 3000
2025-07-07T11:40:28: }
2025-07-07T11:40:29: 
2025-07-07T11:40:29: > ezy-shop@0.1.0 start
2025-07-07T11:40:29: > next start
2025-07-07T11:40:29: 
2025-07-07T11:40:29:  ⨯ Failed to start server
2025-07-07T11:40:29: Error: listen EADDRINUSE: address already in use :::3000
2025-07-07T11:40:29:     at <unknown> (Error: listen EADDRINUSE: address already in use :::3000)
2025-07-07T11:40:29:     at new Promise (<anonymous>) {
2025-07-07T11:40:29:   code: 'EADDRINUSE',
2025-07-07T11:40:29:   errno: -98,
2025-07-07T11:40:29:   syscall: 'listen',
2025-07-07T11:40:29:   address: '::',
2025-07-07T11:40:29:   port: 3000
2025-07-07T11:40:29: }
2025-07-07T11:40:30: 
2025-07-07T11:40:30: > ezy-shop@0.1.0 start
2025-07-07T11:40:30: > next start
2025-07-07T11:40:30: 
2025-07-07T11:40:30:  ⨯ Failed to start server
2025-07-07T11:40:30: Error: listen EADDRINUSE: address already in use :::3000
2025-07-07T11:40:30:     at <unknown> (Error: listen EADDRINUSE: address already in use :::3000)
2025-07-07T11:40:30:     at new Promise (<anonymous>) {
2025-07-07T11:40:30:   code: 'EADDRINUSE',
2025-07-07T11:40:30:   errno: -98,
2025-07-07T11:40:30:   syscall: 'listen',
2025-07-07T11:40:30:   address: '::',
2025-07-07T11:40:30:   port: 3000
2025-07-07T11:40:30: }
2025-07-07T11:40:31: 
2025-07-07T11:40:31: > ezy-shop@0.1.0 start
2025-07-07T11:40:31: > next start
2025-07-07T11:40:31: 
2025-07-07T11:40:32:  ⨯ Failed to start server
2025-07-07T11:40:32: Error: listen EADDRINUSE: address already in use :::3000
2025-07-07T11:40:32:     at <unknown> (Error: listen EADDRINUSE: address already in use :::3000)
2025-07-07T11:40:32:     at new Promise (<anonymous>) {
2025-07-07T11:40:32:   code: 'EADDRINUSE',
2025-07-07T11:40:32:   errno: -98,
2025-07-07T11:40:32:   syscall: 'listen',
2025-07-07T11:40:32:   address: '::',
2025-07-07T11:40:32:   port: 3000
2025-07-07T11:40:32: }
2025-07-07T11:40:32: 
2025-07-07T11:40:32: > ezy-shop@0.1.0 start
2025-07-07T11:40:32: > next start
2025-07-07T11:40:32: 
2025-07-07T11:40:33:  ⨯ Failed to start server
2025-07-07T11:40:33: Error: listen EADDRINUSE: address already in use :::3000
2025-07-07T11:40:33:     at <unknown> (Error: listen EADDRINUSE: address already in use :::3000)
2025-07-07T11:40:33:     at new Promise (<anonymous>) {
2025-07-07T11:40:33:   code: 'EADDRINUSE',
2025-07-07T11:40:33:   errno: -98,
2025-07-07T11:40:33:   syscall: 'listen',
2025-07-07T11:40:33:   address: '::',
2025-07-07T11:40:33:   port: 3000
2025-07-07T11:40:33: }
2025-07-07T11:40:33: 
2025-07-07T11:40:33: > ezy-shop@0.1.0 start
2025-07-07T11:40:33: > next start
2025-07-07T11:40:33: 
2025-07-07T11:40:34:  ⨯ Failed to start server
2025-07-07T11:40:34: Error: listen EADDRINUSE: address already in use :::3000
2025-07-07T11:40:34:     at <unknown> (Error: listen EADDRINUSE: address already in use :::3000)
2025-07-07T11:40:34:     at new Promise (<anonymous>) {
2025-07-07T11:40:34:   code: 'EADDRINUSE',
2025-07-07T11:40:34:   errno: -98,
2025-07-07T11:40:34:   syscall: 'listen',
2025-07-07T11:40:34:   address: '::',
2025-07-07T11:40:34:   port: 3000
2025-07-07T11:40:34: }
2025-07-07T11:40:35: 
2025-07-07T11:40:35: > ezy-shop@0.1.0 start
2025-07-07T11:40:35: > next start
2025-07-07T11:40:35: 
2025-07-07T11:40:36:  ⨯ Failed to start server
2025-07-07T11:40:36: Error: listen EADDRINUSE: address already in use :::3000
2025-07-07T11:40:36:     at <unknown> (Error: listen EADDRINUSE: address already in use :::3000)
2025-07-07T11:40:36:     at new Promise (<anonymous>) {
2025-07-07T11:40:36:   code: 'EADDRINUSE',
2025-07-07T11:40:36:   errno: -98,
2025-07-07T11:40:36:   syscall: 'listen',
2025-07-07T11:40:36:   address: '::',
2025-07-07T11:40:36:   port: 3000
2025-07-07T11:40:36: }
2025-07-07T11:40:36: 
2025-07-07T11:40:36: > ezy-shop@0.1.0 start
2025-07-07T11:40:36: > next start
2025-07-07T11:40:36: 
2025-07-07T11:40:37:  ⨯ Failed to start server
2025-07-07T11:40:37: Error: listen EADDRINUSE: address already in use :::3000
2025-07-07T11:40:37:     at <unknown> (Error: listen EADDRINUSE: address already in use :::3000)
2025-07-07T11:40:37:     at new Promise (<anonymous>) {
2025-07-07T11:40:37:   code: 'EADDRINUSE',
2025-07-07T11:40:37:   errno: -98,
2025-07-07T11:40:37:   syscall: 'listen',
2025-07-07T11:40:37:   address: '::',
2025-07-07T11:40:37:   port: 3000
2025-07-07T11:40:37: }
2025-07-07T11:40:38: 
2025-07-07T11:40:38: > ezy-shop@0.1.0 start
2025-07-07T11:40:38: > next start
2025-07-07T11:40:38: 
2025-07-07T11:40:38:  ⨯ Failed to start server
2025-07-07T11:40:38: Error: listen EADDRINUSE: address already in use :::3000
2025-07-07T11:40:38:     at <unknown> (Error: listen EADDRINUSE: address already in use :::3000)
2025-07-07T11:40:38:     at new Promise (<anonymous>) {
2025-07-07T11:40:38:   code: 'EADDRINUSE',
2025-07-07T11:40:38:   errno: -98,
2025-07-07T11:40:38:   syscall: 'listen',
2025-07-07T11:40:38:   address: '::',
2025-07-07T11:40:38:   port: 3000
2025-07-07T11:40:38: }
2025-07-07T11:40:39: 
2025-07-07T11:40:39: > ezy-shop@0.1.0 start
2025-07-07T11:40:39: > next start
2025-07-07T11:40:39: 
2025-07-07T11:40:39:  ⨯ Failed to start server
2025-07-07T11:40:39: Error: listen EADDRINUSE: address already in use :::3000
2025-07-07T11:40:39:     at <unknown> (Error: listen EADDRINUSE: address already in use :::3000)
2025-07-07T11:40:39:     at new Promise (<anonymous>) {
2025-07-07T11:40:39:   code: 'EADDRINUSE',
2025-07-07T11:40:39:   errno: -98,
2025-07-07T11:40:39:   syscall: 'listen',
2025-07-07T11:40:39:   address: '::',
2025-07-07T11:40:39:   port: 3000
2025-07-07T11:40:39: }
2025-07-07T11:40:40: 
2025-07-07T11:40:40: > ezy-shop@0.1.0 start
2025-07-07T11:40:40: > next start
2025-07-07T11:40:40: 
2025-07-07T11:40:40:  ⨯ Failed to start server
2025-07-07T11:40:40: Error: listen EADDRINUSE: address already in use :::3000
2025-07-07T11:40:40:     at <unknown> (Error: listen EADDRINUSE: address already in use :::3000)
2025-07-07T11:40:40:     at new Promise (<anonymous>) {
2025-07-07T11:40:40:   code: 'EADDRINUSE',
2025-07-07T11:40:40:   errno: -98,
2025-07-07T11:40:40:   syscall: 'listen',
2025-07-07T11:40:40:   address: '::',
2025-07-07T11:40:40:   port: 3000
2025-07-07T11:40:40: }
2025-07-07T11:40:41: 
2025-07-07T11:40:41: > ezy-shop@0.1.0 start
2025-07-07T11:40:41: > next start
2025-07-07T11:40:41: 
2025-07-07T11:40:42:  ⨯ Failed to start server
2025-07-07T11:40:42: Error: listen EADDRINUSE: address already in use :::3000
2025-07-07T11:40:42:     at <unknown> (Error: listen EADDRINUSE: address already in use :::3000)
2025-07-07T11:40:42:     at new Promise (<anonymous>) {
2025-07-07T11:40:42:   code: 'EADDRINUSE',
2025-07-07T11:40:42:   errno: -98,
2025-07-07T11:40:42:   syscall: 'listen',
2025-07-07T11:40:42:   address: '::',
2025-07-07T11:40:42:   port: 3000
2025-07-07T11:40:42: }
2025-07-07T11:40:42: 
2025-07-07T11:40:42: > ezy-shop@0.1.0 start
2025-07-07T11:40:42: > next start
2025-07-07T11:40:42: 
2025-07-07T11:40:43:  ⨯ Failed to start server
2025-07-07T11:40:43: Error: listen EADDRINUSE: address already in use :::3000
2025-07-07T11:40:43:     at <unknown> (Error: listen EADDRINUSE: address already in use :::3000)
2025-07-07T11:40:43:     at new Promise (<anonymous>) {
2025-07-07T11:40:43:   code: 'EADDRINUSE',
2025-07-07T11:40:43:   errno: -98,
2025-07-07T11:40:43:   syscall: 'listen',
2025-07-07T11:40:43:   address: '::',
2025-07-07T11:40:43:   port: 3000
2025-07-07T11:40:43: }
2025-07-07T11:40:43: 
2025-07-07T11:40:43: > ezy-shop@0.1.0 start
2025-07-07T11:40:43: > next start
2025-07-07T11:40:43: 
2025-07-07T11:40:44:  ⨯ Failed to start server
2025-07-07T11:40:44: Error: listen EADDRINUSE: address already in use :::3000
2025-07-07T11:40:44:     at <unknown> (Error: listen EADDRINUSE: address already in use :::3000)
2025-07-07T11:40:44:     at new Promise (<anonymous>) {
2025-07-07T11:40:44:   code: 'EADDRINUSE',
2025-07-07T11:40:44:   errno: -98,
2025-07-07T11:40:44:   syscall: 'listen',
2025-07-07T11:40:44:   address: '::',
2025-07-07T11:40:44:   port: 3000
2025-07-07T11:40:44: }
2025-07-07T11:40:44: 
2025-07-07T11:40:44: > ezy-shop@0.1.0 start
2025-07-07T11:40:44: > next start
2025-07-07T11:40:44: 
2025-07-07T11:40:45:  ⨯ Failed to start server
2025-07-07T11:40:45: Error: listen EADDRINUSE: address already in use :::3000
2025-07-07T11:40:45:     at <unknown> (Error: listen EADDRINUSE: address already in use :::3000)
2025-07-07T11:40:45:     at new Promise (<anonymous>) {
2025-07-07T11:40:45:   code: 'EADDRINUSE',
2025-07-07T11:40:45:   errno: -98,
2025-07-07T11:40:45:   syscall: 'listen',
2025-07-07T11:40:45:   address: '::',
2025-07-07T11:40:45:   port: 3000
2025-07-07T11:40:45: }
2025-07-07T11:40:45: 
2025-07-07T11:40:45: > ezy-shop@0.1.0 start
2025-07-07T11:40:45: > next start
2025-07-07T11:40:45: 
2025-07-07T11:40:46:  ⨯ Failed to start server
2025-07-07T11:40:46: Error: listen EADDRINUSE: address already in use :::3000
2025-07-07T11:40:46:     at <unknown> (Error: listen EADDRINUSE: address already in use :::3000)
2025-07-07T11:40:46:     at new Promise (<anonymous>) {
2025-07-07T11:40:46:   code: 'EADDRINUSE',
2025-07-07T11:40:46:   errno: -98,
2025-07-07T11:40:46:   syscall: 'listen',
2025-07-07T11:40:46:   address: '::',
2025-07-07T11:40:46:   port: 3000
2025-07-07T11:40:46: }
2025-07-07T11:40:47: 
2025-07-07T11:40:47: > ezy-shop@0.1.0 start
2025-07-07T11:40:47: > next start
2025-07-07T11:40:47: 
2025-07-07T11:40:48:  ⨯ Failed to start server
2025-07-07T11:40:48: Error: listen EADDRINUSE: address already in use :::3000
2025-07-07T11:40:48:     at <unknown> (Error: listen EADDRINUSE: address already in use :::3000)
2025-07-07T11:40:48:     at new Promise (<anonymous>) {
2025-07-07T11:40:48:   code: 'EADDRINUSE',
2025-07-07T11:40:48:   errno: -98,
2025-07-07T11:40:48:   syscall: 'listen',
2025-07-07T11:40:48:   address: '::',
2025-07-07T11:40:48:   port: 3000
2025-07-07T11:40:48: }
2025-07-07T11:40:48: 
2025-07-07T11:40:48: > ezy-shop@0.1.0 start
2025-07-07T11:40:48: > next start
2025-07-07T11:40:48: 
2025-07-07T11:40:48:  ⨯ Failed to start server
2025-07-07T11:40:48: Error: listen EADDRINUSE: address already in use :::3000
2025-07-07T11:40:48:     at <unknown> (Error: listen EADDRINUSE: address already in use :::3000)
2025-07-07T11:40:48:     at new Promise (<anonymous>) {
2025-07-07T11:40:48:   code: 'EADDRINUSE',
2025-07-07T11:40:48:   errno: -98,
2025-07-07T11:40:48:   syscall: 'listen',
2025-07-07T11:40:48:   address: '::',
2025-07-07T11:40:48:   port: 3000
2025-07-07T11:40:48: }
2025-07-07T11:40:49: 
2025-07-07T11:40:49: > ezy-shop@0.1.0 start
2025-07-07T11:40:49: > next start
2025-07-07T11:40:49: 
2025-07-07T11:40:49:  ⨯ Failed to start server
2025-07-07T11:40:49: Error: listen EADDRINUSE: address already in use :::3000
2025-07-07T11:40:49:     at <unknown> (Error: listen EADDRINUSE: address already in use :::3000)
2025-07-07T11:40:49:     at new Promise (<anonymous>) {
2025-07-07T11:40:49:   code: 'EADDRINUSE',
2025-07-07T11:40:49:   errno: -98,
2025-07-07T11:40:49:   syscall: 'listen',
2025-07-07T11:40:49:   address: '::',
2025-07-07T11:40:49:   port: 3000
2025-07-07T11:40:49: }
2025-07-07T11:40:50: 
2025-07-07T11:40:50: > ezy-shop@0.1.0 start
2025-07-07T11:40:50: > next start
2025-07-07T11:40:50: 
2025-07-07T11:40:51:  ⨯ Failed to start server
2025-07-07T11:40:51: Error: listen EADDRINUSE: address already in use :::3000
2025-07-07T11:40:51:     at <unknown> (Error: listen EADDRINUSE: address already in use :::3000)
2025-07-07T11:40:51:     at new Promise (<anonymous>) {
2025-07-07T11:40:51:   code: 'EADDRINUSE',
2025-07-07T11:40:51:   errno: -98,
2025-07-07T11:40:51:   syscall: 'listen',
2025-07-07T11:40:51:   address: '::',
2025-07-07T11:40:51:   port: 3000
2025-07-07T11:40:51: }
2025-07-07T11:40:51: 
2025-07-07T11:40:51: > ezy-shop@0.1.0 start
2025-07-07T11:40:51: > next start
2025-07-07T11:40:51: 
2025-07-07T11:40:52:  ⨯ Failed to start server
2025-07-07T11:40:52: Error: listen EADDRINUSE: address already in use :::3000
2025-07-07T11:40:52:     at <unknown> (Error: listen EADDRINUSE: address already in use :::3000)
2025-07-07T11:40:52:     at new Promise (<anonymous>) {
2025-07-07T11:40:52:   code: 'EADDRINUSE',
2025-07-07T11:40:52:   errno: -98,
2025-07-07T11:40:52:   syscall: 'listen',
2025-07-07T11:40:52:   address: '::',
2025-07-07T11:40:52:   port: 3000
2025-07-07T11:40:52: }
2025-07-07T11:40:53: 
2025-07-07T11:40:53: > ezy-shop@0.1.0 start
2025-07-07T11:40:53: > next start
2025-07-07T11:40:53: 
2025-07-07T11:40:54:  ⨯ Failed to start server
2025-07-07T11:40:54: Error: listen EADDRINUSE: address already in use :::3000
2025-07-07T11:40:54:     at <unknown> (Error: listen EADDRINUSE: address already in use :::3000)
2025-07-07T11:40:54:     at new Promise (<anonymous>) {
2025-07-07T11:40:54:   code: 'EADDRINUSE',
2025-07-07T11:40:54:   errno: -98,
2025-07-07T11:40:54:   syscall: 'listen',
2025-07-07T11:40:54:   address: '::',
2025-07-07T11:40:54:   port: 3000
2025-07-07T11:40:54: }
2025-07-07T11:40:55: 
2025-07-07T11:40:55: > ezy-shop@0.1.0 start
2025-07-07T11:40:55: > next start
2025-07-07T11:40:55: 
2025-07-07T11:40:55:  ⨯ Failed to start server
2025-07-07T11:40:55: Error: listen EADDRINUSE: address already in use :::3000
2025-07-07T11:40:55:     at <unknown> (Error: listen EADDRINUSE: address already in use :::3000)
2025-07-07T11:40:55:     at new Promise (<anonymous>) {
2025-07-07T11:40:55:   code: 'EADDRINUSE',
2025-07-07T11:40:55:   errno: -98,
2025-07-07T11:40:55:   syscall: 'listen',
2025-07-07T11:40:55:   address: '::',
2025-07-07T11:40:55:   port: 3000
2025-07-07T11:40:55: }
2025-07-07T11:40:56: 
2025-07-07T11:40:56: > ezy-shop@0.1.0 start
2025-07-07T11:40:56: > next start
2025-07-07T11:40:56: 
2025-07-07T11:40:56:  ⨯ Failed to start server
2025-07-07T11:40:56: Error: listen EADDRINUSE: address already in use :::3000
2025-07-07T11:40:56:     at <unknown> (Error: listen EADDRINUSE: address already in use :::3000)
2025-07-07T11:40:56:     at new Promise (<anonymous>) {
2025-07-07T11:40:56:   code: 'EADDRINUSE',
2025-07-07T11:40:56:   errno: -98,
2025-07-07T11:40:56:   syscall: 'listen',
2025-07-07T11:40:56:   address: '::',
2025-07-07T11:40:56:   port: 3000
2025-07-07T11:40:56: }
2025-07-07T11:40:57: 
2025-07-07T11:40:57: > ezy-shop@0.1.0 start
2025-07-07T11:40:57: > next start
2025-07-07T11:40:57: 
2025-07-07T11:40:58:  ⨯ Failed to start server
2025-07-07T11:40:58: Error: listen EADDRINUSE: address already in use :::3000
2025-07-07T11:40:58:     at <unknown> (Error: listen EADDRINUSE: address already in use :::3000)
2025-07-07T11:40:58:     at new Promise (<anonymous>) {
2025-07-07T11:40:58:   code: 'EADDRINUSE',
2025-07-07T11:40:58:   errno: -98,
2025-07-07T11:40:58:   syscall: 'listen',
2025-07-07T11:40:58:   address: '::',
2025-07-07T11:40:58:   port: 3000
2025-07-07T11:40:58: }
2025-07-07T11:40:59: 
2025-07-07T11:40:59: > ezy-shop@0.1.0 start
2025-07-07T11:40:59: > next start
2025-07-07T11:40:59: 
2025-07-07T11:40:59:  ⨯ Failed to start server
2025-07-07T11:40:59: Error: listen EADDRINUSE: address already in use :::3000
2025-07-07T11:40:59:     at <unknown> (Error: listen EADDRINUSE: address already in use :::3000)
2025-07-07T11:40:59:     at new Promise (<anonymous>) {
2025-07-07T11:40:59:   code: 'EADDRINUSE',
2025-07-07T11:40:59:   errno: -98,
2025-07-07T11:40:59:   syscall: 'listen',
2025-07-07T11:40:59:   address: '::',
2025-07-07T11:40:59:   port: 3000
2025-07-07T11:40:59: }
2025-07-07T11:41:00: 
2025-07-07T11:41:00: > ezy-shop@0.1.0 start
2025-07-07T11:41:00: > next start
2025-07-07T11:41:00: 
2025-07-07T11:41:00:  ⨯ Failed to start server
2025-07-07T11:41:00: Error: listen EADDRINUSE: address already in use :::3000
2025-07-07T11:41:00:     at <unknown> (Error: listen EADDRINUSE: address already in use :::3000)
2025-07-07T11:41:00:     at new Promise (<anonymous>) {
2025-07-07T11:41:00:   code: 'EADDRINUSE',
2025-07-07T11:41:00:   errno: -98,
2025-07-07T11:41:00:   syscall: 'listen',
2025-07-07T11:41:00:   address: '::',
2025-07-07T11:41:00:   port: 3000
2025-07-07T11:41:00: }
2025-07-07T11:41:01: 
2025-07-07T11:41:01: > ezy-shop@0.1.0 start
2025-07-07T11:41:01: > next start
2025-07-07T11:41:01: 
2025-07-07T11:41:02:  ⨯ Failed to start server
2025-07-07T11:41:02: Error: listen EADDRINUSE: address already in use :::3000
2025-07-07T11:41:02:     at <unknown> (Error: listen EADDRINUSE: address already in use :::3000)
2025-07-07T11:41:02:     at new Promise (<anonymous>) {
2025-07-07T11:41:02:   code: 'EADDRINUSE',
2025-07-07T11:41:02:   errno: -98,
2025-07-07T11:41:02:   syscall: 'listen',
2025-07-07T11:41:02:   address: '::',
2025-07-07T11:41:02:   port: 3000
2025-07-07T11:41:02: }
2025-07-07T11:41:02: 
2025-07-07T11:41:02: > ezy-shop@0.1.0 start
2025-07-07T11:41:02: > next start
2025-07-07T11:41:02: 
2025-07-07T11:41:03:  ⨯ Failed to start server
2025-07-07T11:41:03: Error: listen EADDRINUSE: address already in use :::3000
2025-07-07T11:41:03:     at <unknown> (Error: listen EADDRINUSE: address already in use :::3000)
2025-07-07T11:41:03:     at new Promise (<anonymous>) {
2025-07-07T11:41:03:   code: 'EADDRINUSE',
2025-07-07T11:41:03:   errno: -98,
2025-07-07T11:41:03:   syscall: 'listen',
2025-07-07T11:41:03:   address: '::',
2025-07-07T11:41:03:   port: 3000
2025-07-07T11:41:03: }
2025-07-07T11:41:04: 
2025-07-07T11:41:04: > ezy-shop@0.1.0 start
2025-07-07T11:41:04: > next start
2025-07-07T11:41:04: 
2025-07-07T11:41:04:  ⨯ Failed to start server
2025-07-07T11:41:04: Error: listen EADDRINUSE: address already in use :::3000
2025-07-07T11:41:04:     at <unknown> (Error: listen EADDRINUSE: address already in use :::3000)
2025-07-07T11:41:04:     at new Promise (<anonymous>) {
2025-07-07T11:41:04:   code: 'EADDRINUSE',
2025-07-07T11:41:04:   errno: -98,
2025-07-07T11:41:04:   syscall: 'listen',
2025-07-07T11:41:04:   address: '::',
2025-07-07T11:41:04:   port: 3000
2025-07-07T11:41:04: }
2025-07-07T11:41:05: 
2025-07-07T11:41:05: > ezy-shop@0.1.0 start
2025-07-07T11:41:05: > next start
2025-07-07T11:41:05: 
2025-07-07T11:41:06:  ⨯ Failed to start server
2025-07-07T11:41:06: Error: listen EADDRINUSE: address already in use :::3000
2025-07-07T11:41:06:     at <unknown> (Error: listen EADDRINUSE: address already in use :::3000)
2025-07-07T11:41:06:     at new Promise (<anonymous>) {
2025-07-07T11:41:06:   code: 'EADDRINUSE',
2025-07-07T11:41:06:   errno: -98,
2025-07-07T11:41:06:   syscall: 'listen',
2025-07-07T11:41:06:   address: '::',
2025-07-07T11:41:06:   port: 3000
2025-07-07T11:41:06: }
2025-07-07T11:41:07: 
2025-07-07T11:41:07: > ezy-shop@0.1.0 start
2025-07-07T11:41:07: > next start
2025-07-07T11:41:07: 
2025-07-07T11:41:08:  ⨯ Failed to start server
2025-07-07T11:41:08: Error: listen EADDRINUSE: address already in use :::3000
2025-07-07T11:41:08:     at <unknown> (Error: listen EADDRINUSE: address already in use :::3000)
2025-07-07T11:41:08:     at new Promise (<anonymous>) {
2025-07-07T11:41:08:   code: 'EADDRINUSE',
2025-07-07T11:41:08:   errno: -98,
2025-07-07T11:41:08:   syscall: 'listen',
2025-07-07T11:41:08:   address: '::',
2025-07-07T11:41:08:   port: 3000
2025-07-07T11:41:08: }
2025-07-07T11:41:09: 
2025-07-07T11:41:09: > ezy-shop@0.1.0 start
2025-07-07T11:41:09: > next start
2025-07-07T11:41:09: 
2025-07-07T11:41:10:  ⨯ Failed to start server
2025-07-07T11:41:10: Error: listen EADDRINUSE: address already in use :::3000
2025-07-07T11:41:10:     at <unknown> (Error: listen EADDRINUSE: address already in use :::3000)
2025-07-07T11:41:10:     at new Promise (<anonymous>) {
2025-07-07T11:41:10:   code: 'EADDRINUSE',
2025-07-07T11:41:10:   errno: -98,
2025-07-07T11:41:10:   syscall: 'listen',
2025-07-07T11:41:10:   address: '::',
2025-07-07T11:41:10:   port: 3000
2025-07-07T11:41:10: }
2025-07-07T11:41:11: 
2025-07-07T11:41:11: > ezy-shop@0.1.0 start
2025-07-07T11:41:11: > next start
2025-07-07T11:41:11: 
2025-07-07T11:41:11:  ⨯ Failed to start server
2025-07-07T11:41:11: Error: listen EADDRINUSE: address already in use :::3000
2025-07-07T11:41:11:     at <unknown> (Error: listen EADDRINUSE: address already in use :::3000)
2025-07-07T11:41:11:     at new Promise (<anonymous>) {
2025-07-07T11:41:11:   code: 'EADDRINUSE',
2025-07-07T11:41:11:   errno: -98,
2025-07-07T11:41:11:   syscall: 'listen',
2025-07-07T11:41:11:   address: '::',
2025-07-07T11:41:11:   port: 3000
2025-07-07T11:41:11: }
2025-07-07T11:41:12: 
2025-07-07T11:41:12: > ezy-shop@0.1.0 start
2025-07-07T11:41:12: > next start
2025-07-07T11:41:12: 
2025-07-07T11:41:13:  ⨯ Failed to start server
2025-07-07T11:41:13: Error: listen EADDRINUSE: address already in use :::3000
2025-07-07T11:41:13:     at <unknown> (Error: listen EADDRINUSE: address already in use :::3000)
2025-07-07T11:41:13:     at new Promise (<anonymous>) {
2025-07-07T11:41:13:   code: 'EADDRINUSE',
2025-07-07T11:41:13:   errno: -98,
2025-07-07T11:41:13:   syscall: 'listen',
2025-07-07T11:41:13:   address: '::',
2025-07-07T11:41:13:   port: 3000
2025-07-07T11:41:13: }
2025-07-07T11:41:14: 
2025-07-07T11:41:14: > ezy-shop@0.1.0 start
2025-07-07T11:41:14: > next start
2025-07-07T11:41:14: 
2025-07-07T11:41:14:  ⨯ Failed to start server
2025-07-07T11:41:14: Error: listen EADDRINUSE: address already in use :::3000
2025-07-07T11:41:14:     at <unknown> (Error: listen EADDRINUSE: address already in use :::3000)
2025-07-07T11:41:14:     at new Promise (<anonymous>) {
2025-07-07T11:41:14:   code: 'EADDRINUSE',
2025-07-07T11:41:14:   errno: -98,
2025-07-07T11:41:14:   syscall: 'listen',
2025-07-07T11:41:14:   address: '::',
2025-07-07T11:41:14:   port: 3000
2025-07-07T11:41:14: }
2025-07-07T11:41:15: 
2025-07-07T11:41:15: > ezy-shop@0.1.0 start
2025-07-07T11:41:15: > next start
2025-07-07T11:41:15: 
2025-07-07T11:41:15:  ⨯ Failed to start server
2025-07-07T11:41:15: Error: listen EADDRINUSE: address already in use :::3000
2025-07-07T11:41:15:     at <unknown> (Error: listen EADDRINUSE: address already in use :::3000)
2025-07-07T11:41:15:     at new Promise (<anonymous>) {
2025-07-07T11:41:15:   code: 'EADDRINUSE',
2025-07-07T11:41:15:   errno: -98,
2025-07-07T11:41:15:   syscall: 'listen',
2025-07-07T11:41:15:   address: '::',
2025-07-07T11:41:15:   port: 3000
2025-07-07T11:41:15: }
2025-07-07T11:41:16: 
2025-07-07T11:41:16: > ezy-shop@0.1.0 start
2025-07-07T11:41:16: > next start
2025-07-07T11:41:16: 
2025-07-07T11:41:16:  ⨯ Failed to start server
2025-07-07T11:41:16: Error: listen EADDRINUSE: address already in use :::3000
2025-07-07T11:41:16:     at <unknown> (Error: listen EADDRINUSE: address already in use :::3000)
2025-07-07T11:41:16:     at new Promise (<anonymous>) {
2025-07-07T11:41:16:   code: 'EADDRINUSE',
2025-07-07T11:41:16:   errno: -98,
2025-07-07T11:41:16:   syscall: 'listen',
2025-07-07T11:41:16:   address: '::',
2025-07-07T11:41:16:   port: 3000
2025-07-07T11:41:16: }
2025-07-07T11:41:17: 
2025-07-07T11:41:17: > ezy-shop@0.1.0 start
2025-07-07T11:41:17: > next start
2025-07-07T11:41:17: 
2025-07-07T11:41:17:  ⨯ Failed to start server
2025-07-07T11:41:17: Error: listen EADDRINUSE: address already in use :::3000
2025-07-07T11:41:17:     at <unknown> (Error: listen EADDRINUSE: address already in use :::3000)
2025-07-07T11:41:17:     at new Promise (<anonymous>) {
2025-07-07T11:41:17:   code: 'EADDRINUSE',
2025-07-07T11:41:17:   errno: -98,
2025-07-07T11:41:17:   syscall: 'listen',
2025-07-07T11:41:17:   address: '::',
2025-07-07T11:41:17:   port: 3000
2025-07-07T11:41:17: }
2025-07-07T11:41:18: 
2025-07-07T11:41:18: > ezy-shop@0.1.0 start
2025-07-07T11:41:18: > next start
2025-07-07T11:41:18: 
2025-07-07T11:41:18:  ⨯ Failed to start server
2025-07-07T11:41:18: Error: listen EADDRINUSE: address already in use :::3000
2025-07-07T11:41:18:     at <unknown> (Error: listen EADDRINUSE: address already in use :::3000)
2025-07-07T11:41:18:     at new Promise (<anonymous>) {
2025-07-07T11:41:18:   code: 'EADDRINUSE',
2025-07-07T11:41:18:   errno: -98,
2025-07-07T11:41:18:   syscall: 'listen',
2025-07-07T11:41:18:   address: '::',
2025-07-07T11:41:18:   port: 3000
2025-07-07T11:41:18: }
2025-07-07T11:41:19: 
2025-07-07T11:41:19: > ezy-shop@0.1.0 start
2025-07-07T11:41:19: > next start
2025-07-07T11:41:19: 
2025-07-07T11:41:20:  ⨯ Failed to start server
2025-07-07T11:41:20: Error: listen EADDRINUSE: address already in use :::3000
2025-07-07T11:41:20:     at <unknown> (Error: listen EADDRINUSE: address already in use :::3000)
2025-07-07T11:41:20:     at new Promise (<anonymous>) {
2025-07-07T11:41:20:   code: 'EADDRINUSE',
2025-07-07T11:41:20:   errno: -98,
2025-07-07T11:41:20:   syscall: 'listen',
2025-07-07T11:41:20:   address: '::',
2025-07-07T11:41:20:   port: 3000
2025-07-07T11:41:20: }
2025-07-07T11:41:20: 
2025-07-07T11:41:20: > ezy-shop@0.1.0 start
2025-07-07T11:41:20: > next start
2025-07-07T11:41:20: 
2025-07-07T11:41:21:  ⨯ Failed to start server
2025-07-07T11:41:21: Error: listen EADDRINUSE: address already in use :::3000
2025-07-07T11:41:21:     at <unknown> (Error: listen EADDRINUSE: address already in use :::3000)
2025-07-07T11:41:21:     at new Promise (<anonymous>) {
2025-07-07T11:41:21:   code: 'EADDRINUSE',
2025-07-07T11:41:21:   errno: -98,
2025-07-07T11:41:21:   syscall: 'listen',
2025-07-07T11:41:21:   address: '::',
2025-07-07T11:41:21:   port: 3000
2025-07-07T11:41:21: }
2025-07-07T11:41:22: 
2025-07-07T11:41:22: > ezy-shop@0.1.0 start
2025-07-07T11:41:22: > next start
2025-07-07T11:41:22: 
2025-07-07T11:41:22:  ⨯ Failed to start server
2025-07-07T11:41:22: Error: listen EADDRINUSE: address already in use :::3000
2025-07-07T11:41:22:     at <unknown> (Error: listen EADDRINUSE: address already in use :::3000)
2025-07-07T11:41:22:     at new Promise (<anonymous>) {
2025-07-07T11:41:22:   code: 'EADDRINUSE',
2025-07-07T11:41:22:   errno: -98,
2025-07-07T11:41:22:   syscall: 'listen',
2025-07-07T11:41:22:   address: '::',
2025-07-07T11:41:22:   port: 3000
2025-07-07T11:41:22: }
2025-07-07T11:41:23: 
2025-07-07T11:41:23: > ezy-shop@0.1.0 start
2025-07-07T11:41:23: > next start
2025-07-07T11:41:23: 
